<?xml version="1.0" encoding="UTF-8"?>
<!-- Generated by org.testng.reporters.JUnitXMLReporter -->
<testsuite hostname="Sirelis-PC" ignored="0" name="Cos Cal Test" tests="4" failures="4" timestamp="08 лип. 2018 22:55:25 GMT" time="0.012" errors="0">
  <testcase name="CosTest" time="0.0" classname="com.epam.cdp.cal.tests.testng.CosCalTest">
    <failure type="java.lang.AssertionError" message="Invalid result of cos operation! expected [1.0] but found [0.0]">
      <![CDATA[java.lang.AssertionError: Invalid result of cos operation! expected [1.0] but found [0.0]
at com.epam.cdp.cal.tests.testng.CosCalTest.CosTest(CosCalTest.java:11)
at com.epam.cdp.cal.Runner.main(Runner.java:26)
... Removed 27 stack frames]]>
    </failure>
  </testcase> <!-- CosTest -->
  <testcase name="CosTest" time="0.009" classname="com.epam.cdp.cal.tests.testng.CosCalTest">
    <failure type="java.lang.AssertionError" message="Invalid result of cos operation! expected [0.5] but found [-0.3048106211022167]">
      <![CDATA[java.lang.AssertionError: Invalid result of cos operation! expected [0.5] but found [-0.3048106211022167]
at com.epam.cdp.cal.tests.testng.CosCalTest.CosTest(CosCalTest.java:11)
at com.epam.cdp.cal.Runner.main(Runner.java:26)
... Removed 27 stack frames]]>
    </failure>
  </testcase> <!-- CosTest -->
  <testcase name="CosTest" time="0.0" classname="com.epam.cdp.cal.tests.testng.CosCalTest">
    <failure type="java.lang.AssertionError" message="Invalid result of cos operation! expected [0.0] but found [0.8939966636005579]">
      <![CDATA[java.lang.AssertionError: Invalid result of cos operation! expected [0.0] but found [0.8939966636005579]
at com.epam.cdp.cal.tests.testng.CosCalTest.CosTest(CosCalTest.java:11)
at com.epam.cdp.cal.Runner.main(Runner.java:26)
... Removed 27 stack frames]]>
    </failure>
  </testcase> <!-- CosTest -->
  <testcase name="CosTest" time="0.001" classname="com.epam.cdp.cal.tests.testng.CosCalTest">
    <failure type="java.lang.AssertionError" message="Invalid result of cos operation! expected [-1.0] but found [-0.8011526357338304]">
      <![CDATA[java.lang.AssertionError: Invalid result of cos operation! expected [-1.0] but found [-0.8011526357338304]
at com.epam.cdp.cal.tests.testng.CosCalTest.CosTest(CosCalTest.java:11)
at com.epam.cdp.cal.Runner.main(Runner.java:26)
... Removed 27 stack frames]]>
    </failure>
  </testcase> <!-- CosTest -->
</testsuite> <!-- Cos Cal Test -->
