<?xml version="1.0" encoding="UTF-8"?>
<!-- Generated by org.testng.reporters.JUnitXMLReporter -->
<testsuite hostname="Sirelis-PC" ignored="0" name="Pow Cal Test" tests="4" failures="4" timestamp="08 лип. 2018 22:55:25 GMT" time="0.007" errors="0">
  <testcase name="PowTest" time="0.0" classname="com.epam.cdp.cal.tests.testng.PowCalTest">
    <failure type="java.lang.AssertionError" message="Invalid result of pow operation! expected [33.0] but found [1.0000000000000001E23]">
      <![CDATA[java.lang.AssertionError: Invalid result of pow operation! expected [33.0] but found [1.0000000000000001E23]
at com.epam.cdp.cal.tests.testng.PowCalTest.PowTest(PowCalTest.java:11)
at com.epam.cdp.cal.Runner.main(Runner.java:26)
... Removed 27 stack frames]]>
    </failure>
  </testcase> <!-- PowTest -->
  <testcase name="PowTest" time="0.0" classname="com.epam.cdp.cal.tests.testng.PowCalTest">
    <failure type="java.lang.AssertionError" message="Invalid result of pow operation! expected [9.0] but found [0.1]">
      <![CDATA[java.lang.AssertionError: Invalid result of pow operation! expected [9.0] but found [0.1]
at com.epam.cdp.cal.tests.testng.PowCalTest.PowTest(PowCalTest.java:11)
at com.epam.cdp.cal.Runner.main(Runner.java:26)
... Removed 27 stack frames]]>
    </failure>
  </testcase> <!-- PowTest -->
  <testcase name="PowTest" time="0.001" classname="com.epam.cdp.cal.tests.testng.PowCalTest">
    <failure type="java.lang.AssertionError" message="Invalid result of pow operation! expected [0.0] but found [1.0]">
      <![CDATA[java.lang.AssertionError: Invalid result of pow operation! expected [0.0] but found [1.0]
at com.epam.cdp.cal.tests.testng.PowCalTest.PowTest(PowCalTest.java:11)
at com.epam.cdp.cal.Runner.main(Runner.java:26)
... Removed 27 stack frames]]>
    </failure>
  </testcase> <!-- PowTest -->
  <testcase name="PowTest" time="0.0" classname="com.epam.cdp.cal.tests.testng.PowCalTest">
    <failure type="java.lang.AssertionError" message="Invalid result of pow operation! expected [9.0] but found [1.0]">
      <![CDATA[java.lang.AssertionError: Invalid result of pow operation! expected [9.0] but found [1.0]
at com.epam.cdp.cal.tests.testng.PowCalTest.PowTest(PowCalTest.java:11)
at com.epam.cdp.cal.Runner.main(Runner.java:26)
... Removed 27 stack frames]]>
    </failure>
  </testcase> <!-- PowTest -->
</testsuite> <!-- Pow Cal Test -->
