<?xml version="1.0" encoding="UTF-8"?>
<!-- Generated by org.testng.reporters.JUnitXMLReporter -->
<testsuite hostname="Sirelis-PC" ignored="0" name="Sin Cal Test" tests="4" failures="3" timestamp="08 лип. 2018 22:55:25 GMT" time="0.004" errors="0">
  <testcase name="SinTest" time="0.0" classname="com.epam.cdp.cal.tests.testng.SinCalTest"/>
  <testcase name="SinTest" time="0.002" classname="com.epam.cdp.cal.tests.testng.SinCalTest">
    <failure type="java.lang.AssertionError" message="Invalid result of sin operation! expected [0.5] but found [-0.9880316240928618]">
      <![CDATA[java.lang.AssertionError: Invalid result of sin operation! expected [0.5] but found [-0.9880316240928618]
at com.epam.cdp.cal.tests.testng.SinCalTest.SinTest(SinCalTest.java:11)
at com.epam.cdp.cal.Runner.main(Runner.java:26)
... Removed 27 stack frames]]>
    </failure>
  </testcase> <!-- SinTest -->
  <testcase name="SinTest" time="0.0" classname="com.epam.cdp.cal.tests.testng.SinCalTest">
    <failure type="java.lang.AssertionError" message="Invalid result of sin operation! expected [1.0] but found [0.8939966636005579]">
      <![CDATA[java.lang.AssertionError: Invalid result of sin operation! expected [1.0] but found [0.8939966636005579]
at com.epam.cdp.cal.tests.testng.SinCalTest.SinTest(SinCalTest.java:11)
at com.epam.cdp.cal.Runner.main(Runner.java:26)
... Removed 27 stack frames]]>
    </failure>
  </testcase> <!-- SinTest -->
  <testcase name="SinTest" time="0.0" classname="com.epam.cdp.cal.tests.testng.SinCalTest">
    <failure type="java.lang.AssertionError" message="Invalid result of sin operation! expected [-1.0] but found [-0.1760459464712114]">
      <![CDATA[java.lang.AssertionError: Invalid result of sin operation! expected [-1.0] but found [-0.1760459464712114]
at com.epam.cdp.cal.tests.testng.SinCalTest.SinTest(SinCalTest.java:11)
at com.epam.cdp.cal.Runner.main(Runner.java:26)
... Removed 27 stack frames]]>
    </failure>
  </testcase> <!-- SinTest -->
</testsuite> <!-- Sin Cal Test -->
