<?xml version="1.0" encoding="UTF-8"?>
<!-- Generated by org.testng.reporters.JUnitXMLReporter -->
<testsuite hostname="Sirelis-PC" ignored="0" name="Tg Cal Test" tests="4" failures="3" timestamp="08 лип. 2018 22:55:25 GMT" time="0.003" errors="0">
  <testcase name="TgTest" time="0.001" classname="com.epam.cdp.cal.tests.testng.TgCalTest">
    <failure type="java.lang.AssertionError" message="Invalid result of tg operation! expected [0.0] but found [NaN]">
      <![CDATA[java.lang.AssertionError: Invalid result of tg operation! expected [0.0] but found [NaN]
at com.epam.cdp.cal.tests.testng.TgCalTest.TgTest(TgCalTest.java:11)
at com.epam.cdp.cal.Runner.main(Runner.java:26)
... Removed 27 stack frames]]>
    </failure>
  </testcase> <!-- TgTest -->
  <testcase name="TgTest" time="0.0" classname="com.epam.cdp.cal.tests.testng.TgCalTest"/>
  <testcase name="TgTest" time="0.0" classname="com.epam.cdp.cal.tests.testng.TgCalTest">
    <failure type="java.lang.AssertionError" message="Invalid result of tg operation! expected [0.0] but found [1.0]">
      <![CDATA[java.lang.AssertionError: Invalid result of tg operation! expected [0.0] but found [1.0]
at com.epam.cdp.cal.tests.testng.TgCalTest.TgTest(TgCalTest.java:11)
at com.epam.cdp.cal.Runner.main(Runner.java:26)
... Removed 27 stack frames]]>
    </failure>
  </testcase> <!-- TgTest -->
  <testcase name="TgTest" time="0.0" classname="com.epam.cdp.cal.tests.testng.TgCalTest">
    <failure type="java.lang.AssertionError" message="Invalid result of tg operation! expected [0.0] but found [1.0]">
      <![CDATA[java.lang.AssertionError: Invalid result of tg operation! expected [0.0] but found [1.0]
at com.epam.cdp.cal.tests.testng.TgCalTest.TgTest(TgCalTest.java:11)
at com.epam.cdp.cal.Runner.main(Runner.java:26)
... Removed 27 stack frames]]>
    </failure>
  </testcase> <!-- TgTest -->
</testsuite> <!-- Tg Cal Test -->
