<!DOCTYPE html PUBLIC "-//W3C//DTD XHTML 1.1//EN" "http://www.w3.org/TR/xhtml11/DTD/xhtml11.dtd">
<html xmlns="http://www.w3.org/1999/xhtml">
<head>
<meta http-equiv="content-type" content="text/html; charset=UTF-8"/>
<title>TestNG Report</title>
<style type="text/css">table {margin-bottom:10px;border-collapse:collapse;empty-cells:show}th,td {border:1px solid #009;padding:.25em .5em}th {vertical-align:bottom}td {vertical-align:top}table a {font-weight:bold}.stripe td {background-color: #E6EBF9}.num {text-align:right}.passedodd td {background-color: #3F3}.passedeven td {background-color: #0A0}.skippedodd td {background-color: #DDD}.skippedeven td {background-color: #CCC}.failedodd td,.attn {background-color: #F33}.failedeven td,.stripe .attn {background-color: #D00}.stacktrace {white-space:pre;font-family:monospace}.totop {font-size:85%;text-align:center;border-bottom:2px solid #000}.invisible {display:none}</style>
</head>
<body>
<table>
<tr><th>Test</th><th># Passed</th><th># Skipped</th><th># Failed</th><th>Time (ms)</th><th>Included Groups</th><th>Excluded Groups</th></tr>
<tr><th colspan="7">Demo Suite</th></tr>
<tr><td><a href="#t0">Sub Cal Test</a></td><td class="num">2</td><td class="num">0</td><td class="num">0</td><td class="num">70</td><td></td><td></td></tr>
<tr class="stripe"><td><a href="#t1">Sum Cal Test</a></td><td class="num">9</td><td class="num">0</td><td class="num">0</td><td class="num">11</td><td></td><td></td></tr>
<tr><td><a href="#t2">Mult Cal Test</a></td><td class="num">7</td><td class="num">0</td><td class="num attn">1</td><td class="num">14</td><td></td><td></td></tr>
<tr class="stripe"><td><a href="#t3">Div Cal Test</a></td><td class="num">8</td><td class="num">0</td><td class="num">0</td><td class="num">4</td><td></td><td></td></tr>
<tr><td><a href="#t4">Cos Cal Test</a></td><td class="num">0</td><td class="num">0</td><td class="num attn">4</td><td class="num">12</td><td></td><td></td></tr>
<tr class="stripe"><td><a href="#t5">Ctg Cal Test</a></td><td class="num">1</td><td class="num">0</td><td class="num attn">2</td><td class="num">17</td><td></td><td></td></tr>
<tr><td><a href="#t6">IsNegative Cal Test</a></td><td class="num">4</td><td class="num">0</td><td class="num">0</td><td class="num">2</td><td></td><td></td></tr>
<tr class="stripe"><td><a href="#t7">IsPositive Cal Test</a></td><td class="num">4</td><td class="num">0</td><td class="num">0</td><td class="num">2</td><td></td><td></td></tr>
<tr><td><a href="#t8">Pow Cal Test</a></td><td class="num">0</td><td class="num">0</td><td class="num attn">4</td><td class="num">7</td><td></td><td></td></tr>
<tr class="stripe"><td><a href="#t9">Sin Cal Test</a></td><td class="num">1</td><td class="num">0</td><td class="num attn">3</td><td class="num">4</td><td></td><td></td></tr>
<tr><td><a href="#t10">Sqrt Cal Test</a></td><td class="num">4</td><td class="num">0</td><td class="num">0</td><td class="num">2</td><td></td><td></td></tr>
<tr class="stripe"><td><a href="#t11">Tg Cal Test</a></td><td class="num">1</td><td class="num">0</td><td class="num attn">3</td><td class="num">3</td><td></td><td></td></tr>
<tr><th colspan="7">Default Suite</th></tr>
<tr><th>Total</th><th class="num">41</th><th class="num">0</th><th class="num attn">17</th><th class="num">148</th><th colspan="2"></th></tr>
</table>
<table id='summary'><thead><tr><th>Class</th><th>Method</th><th>Start</th><th>Time (ms)</th></tr></thead><tbody><tr><th colspan="4">Demo Suite</th></tr></tbody><tbody id="t0"><tr><th colspan="4">Sub Cal Test &#8212; passed</th></tr><tr class="passedeven"><td rowspan="2">com.epam.cdp.cal.tests.testng.SubCalTest</td><td><a href="#m0">doubleThreeMinusOne</a></td><td rowspan="1">1531090525343</td><td rowspan="1">2</td></tr><tr class="passedeven"><td><a href="#m1">twoMinusOne</a></td><td rowspan="1">1531090525346</td><td rowspan="1">0</td></tr></tbody>
<tbody id="t1"><tr><th colspan="4">Sum Cal Test &#8212; passed</th></tr><tr class="passedeven"><td rowspan="9">com.epam.cdp.cal.tests.testng.SumCalTest</td><td><a href="#m2">doubleOnePlusTwoTest</a></td><td rowspan="5">1531090525519</td><td rowspan="5">0</td></tr><tr class="passedeven"><td><a href="#m3">doubleOnePlusTwoTest</a></td></tr><tr class="passedeven"><td><a href="#m4">doubleOnePlusTwoTest</a></td></tr><tr class="passedeven"><td><a href="#m5">doubleOnePlusTwoTest</a></td></tr><tr class="passedeven"><td><a href="#m6">doubleOnePlusTwoTest</a></td></tr><tr class="passedeven"><td><a href="#m7">onePlusTwoTest</a></td><td rowspan="4">1531090525522</td><td rowspan="4">0</td></tr><tr class="passedeven"><td><a href="#m8">onePlusTwoTest</a></td></tr><tr class="passedeven"><td><a href="#m9">onePlusTwoTest</a></td></tr><tr class="passedeven"><td><a href="#m10">onePlusTwoTest</a></td></tr></tbody>
<tbody id="t2"><tr><th colspan="4">Mult Cal Test &#8212; failed</th></tr><tr class="failedeven"><td rowspan="1">com.epam.cdp.cal.tests.testng.MultCalTest</td><td><a href="#m11">doubleOneMultTwoTest</a></td><td rowspan="1">1531090525550</td><td rowspan="1">1</td></tr><tr><th colspan="4">Mult Cal Test &#8212; passed</th></tr><tr class="passedeven"><td rowspan="7">com.epam.cdp.cal.tests.testng.MultCalTest</td><td><a href="#m12">doubleOneMultTwoTest</a></td><td rowspan="3">1531090525555</td><td rowspan="3">0</td></tr><tr class="passedeven"><td><a href="#m13">doubleOneMultTwoTest</a></td></tr><tr class="passedeven"><td><a href="#m14">doubleOneMultTwoTest</a></td></tr><tr class="passedeven"><td><a href="#m15">oneMultTwoTest</a></td><td rowspan="4">1531090525561</td><td rowspan="4">0</td></tr><tr class="passedeven"><td><a href="#m16">oneMultTwoTest</a></td></tr><tr class="passedeven"><td><a href="#m17">oneMultTwoTest</a></td></tr><tr class="passedeven"><td><a href="#m18">oneMultTwoTest</a></td></tr></tbody>
<tbody id="t3"><tr><th colspan="4">Div Cal Test &#8212; passed</th></tr><tr class="passedeven"><td rowspan="8">com.epam.cdp.cal.tests.testng.DivCalTest</td><td><a href="#m19">doubleOneDivTwoTest</a></td><td rowspan="4">1531090525594</td><td rowspan="4">0</td></tr><tr class="passedeven"><td><a href="#m20">doubleOneDivTwoTest</a></td></tr><tr class="passedeven"><td><a href="#m21">doubleOneDivTwoTest</a></td></tr><tr class="passedeven"><td><a href="#m22">doubleOneDivTwoTest</a></td></tr><tr class="passedeven"><td><a href="#m23">oneDivTwoTest</a></td><td rowspan="4">1531090525596</td><td rowspan="4">0</td></tr><tr class="passedeven"><td><a href="#m24">oneDivTwoTest</a></td></tr><tr class="passedeven"><td><a href="#m25">oneDivTwoTest</a></td></tr><tr class="passedeven"><td><a href="#m26">oneDivTwoTest</a></td></tr></tbody>
<tbody id="t4"><tr><th colspan="4">Cos Cal Test &#8212; failed</th></tr><tr class="failedeven"><td rowspan="4">com.epam.cdp.cal.tests.testng.CosCalTest</td><td><a href="#m27">CosTest</a></td><td rowspan="4">1531090525618</td><td rowspan="4">1</td></tr><tr class="failedeven"><td><a href="#m28">CosTest</a></td></tr><tr class="failedeven"><td><a href="#m29">CosTest</a></td></tr><tr class="failedeven"><td><a href="#m30">CosTest</a></td></tr></tbody>
<tbody id="t5"><tr><th colspan="4">Ctg Cal Test &#8212; failed</th></tr><tr class="failedeven"><td rowspan="2">com.epam.cdp.cal.tests.testng.CtgCalTest</td><td><a href="#m31">TgTest</a></td><td rowspan="2">1531090525682</td><td rowspan="2">0</td></tr><tr class="failedeven"><td><a href="#m32">TgTest</a></td></tr><tr><th colspan="4">Ctg Cal Test &#8212; passed</th></tr><tr class="passedeven"><td rowspan="1">com.epam.cdp.cal.tests.testng.CtgCalTest</td><td><a href="#m33">TgTest</a></td><td rowspan="1">1531090525666</td><td rowspan="1">15</td></tr></tbody>
<tbody id="t6"><tr><th colspan="4">IsNegative Cal Test &#8212; passed</th></tr><tr class="passedeven"><td rowspan="4">com.epam.cdp.cal.tests.testng.IsNegativeCalTest</td><td><a href="#m34">IsNegativeTest</a></td><td rowspan="4">1531090525693</td><td rowspan="4">0</td></tr><tr class="passedeven"><td><a href="#m35">IsNegativeTest</a></td></tr><tr class="passedeven"><td><a href="#m36">IsNegativeTest</a></td></tr><tr class="passedeven"><td><a href="#m37">IsNegativeTest</a></td></tr></tbody>
<tbody id="t7"><tr><th colspan="4">IsPositive Cal Test &#8212; passed</th></tr><tr class="passedeven"><td rowspan="4">com.epam.cdp.cal.tests.testng.IsPositiveCalTest</td><td><a href="#m38">IsPositiveTest</a></td><td rowspan="4">1531090525731</td><td rowspan="4">0</td></tr><tr class="passedeven"><td><a href="#m39">IsPositiveTest</a></td></tr><tr class="passedeven"><td><a href="#m40">IsPositiveTest</a></td></tr><tr class="passedeven"><td><a href="#m41">IsPositiveTest</a></td></tr></tbody>
<tbody id="t8"><tr><th colspan="4">Pow Cal Test &#8212; failed</th></tr><tr class="failedeven"><td rowspan="4">com.epam.cdp.cal.tests.testng.PowCalTest</td><td><a href="#m42">PowTest</a></td><td rowspan="4">1531090525740</td><td rowspan="4">1</td></tr><tr class="failedeven"><td><a href="#m43">PowTest</a></td></tr><tr class="failedeven"><td><a href="#m44">PowTest</a></td></tr><tr class="failedeven"><td><a href="#m45">PowTest</a></td></tr></tbody>
<tbody id="t9"><tr><th colspan="4">Sin Cal Test &#8212; failed</th></tr><tr class="failedeven"><td rowspan="3">com.epam.cdp.cal.tests.testng.SinCalTest</td><td><a href="#m46">SinTest</a></td><td rowspan="3">1531090525760</td><td rowspan="3">0</td></tr><tr class="failedeven"><td><a href="#m47">SinTest</a></td></tr><tr class="failedeven"><td><a href="#m48">SinTest</a></td></tr><tr><th colspan="4">Sin Cal Test &#8212; passed</th></tr><tr class="passedeven"><td rowspan="1">com.epam.cdp.cal.tests.testng.SinCalTest</td><td><a href="#m49">SinTest</a></td><td rowspan="1">1531090525758</td><td rowspan="1">0</td></tr></tbody>
<tbody id="t10"><tr><th colspan="4">Sqrt Cal Test &#8212; passed</th></tr><tr class="passedeven"><td rowspan="4">com.epam.cdp.cal.tests.testng.SqrtCalTest</td><td><a href="#m50">SqrtTest</a></td><td rowspan="4">1531090525775</td><td rowspan="4">0</td></tr><tr class="passedeven"><td><a href="#m51">SqrtTest</a></td></tr><tr class="passedeven"><td><a href="#m52">SqrtTest</a></td></tr><tr class="passedeven"><td><a href="#m53">SqrtTest</a></td></tr></tbody>
<tbody id="t11"><tr><th colspan="4">Tg Cal Test &#8212; failed</th></tr><tr class="failedeven"><td rowspan="3">com.epam.cdp.cal.tests.testng.TgCalTest</td><td><a href="#m54">TgTest</a></td><td rowspan="3">1531090525783</td><td rowspan="3">1</td></tr><tr class="failedeven"><td><a href="#m55">TgTest</a></td></tr><tr class="failedeven"><td><a href="#m56">TgTest</a></td></tr><tr><th colspan="4">Tg Cal Test &#8212; passed</th></tr><tr class="passedeven"><td rowspan="1">com.epam.cdp.cal.tests.testng.TgCalTest</td><td><a href="#m57">TgTest</a></td><td rowspan="1">1531090525784</td><td rowspan="1">0</td></tr></tbody>
<tbody><tr><th colspan="4">Default Suite</th></tr></tbody></table>
<h2>Sub Cal Test</h2><h3 id="m0">com.epam.cdp.cal.tests.testng.SubCalTest#doubleThreeMinusOne</h3><table class="result"><tr><th class="invisible"/></tr></table><p class="totop"><a href="#summary">back to summary</a></p>
<h3 id="m1">com.epam.cdp.cal.tests.testng.SubCalTest#twoMinusOne</h3><table class="result"><tr><th class="invisible"/></tr></table><p class="totop"><a href="#summary">back to summary</a></p>
<h2>Sum Cal Test</h2><h3 id="m2">com.epam.cdp.cal.tests.testng.SumCalTest#doubleOnePlusTwoTest</h3><table class="result"><tr class="param"><th>Parameter #1</th><th>Parameter #2</th><th>Parameter #3</th></tr><tr class="param stripe"><td>10.56</td><td>-1.56</td><td>9.0</td></tr></table><p class="totop"><a href="#summary">back to summary</a></p>
<h3 id="m3">com.epam.cdp.cal.tests.testng.SumCalTest#doubleOnePlusTwoTest</h3><table class="result"><tr class="param"><th>Parameter #1</th><th>Parameter #2</th><th>Parameter #3</th></tr><tr class="param stripe"><td>-1.5</td><td>-10.5</td><td>-12.0</td></tr></table><p class="totop"><a href="#summary">back to summary</a></p>
<h3 id="m4">com.epam.cdp.cal.tests.testng.SumCalTest#doubleOnePlusTwoTest</h3><table class="result"><tr class="param"><th>Parameter #1</th><th>Parameter #2</th><th>Parameter #3</th></tr><tr class="param stripe"><td>10.6</td><td>23.4</td><td>34.0</td></tr></table><p class="totop"><a href="#summary">back to summary</a></p>
<h3 id="m5">com.epam.cdp.cal.tests.testng.SumCalTest#doubleOnePlusTwoTest</h3><table class="result"><tr class="param"><th>Parameter #1</th><th>Parameter #2</th><th>Parameter #3</th></tr><tr class="param stripe"><td>-1.45</td><td>10.45</td><td>9.0</td></tr></table><p class="totop"><a href="#summary">back to summary</a></p>
<h3 id="m6">com.epam.cdp.cal.tests.testng.SumCalTest#doubleOnePlusTwoTest</h3><table class="result"><tr class="param"><th>Parameter #1</th><th>Parameter #2</th><th>Parameter #3</th></tr><tr class="param stripe"><td>0.0</td><td>0.0</td><td>0.0</td></tr></table><p class="totop"><a href="#summary">back to summary</a></p>
<h3 id="m7">com.epam.cdp.cal.tests.testng.SumCalTest#onePlusTwoTest</h3><table class="result"><tr class="param"><th>Parameter #1</th><th>Parameter #2</th><th>Parameter #3</th></tr><tr class="param stripe"><td>10</td><td>23</td><td>33</td></tr></table><p class="totop"><a href="#summary">back to summary</a></p>
<h3 id="m8">com.epam.cdp.cal.tests.testng.SumCalTest#onePlusTwoTest</h3><table class="result"><tr class="param"><th>Parameter #1</th><th>Parameter #2</th><th>Parameter #3</th></tr><tr class="param stripe"><td>10</td><td>-1</td><td>9</td></tr></table><p class="totop"><a href="#summary">back to summary</a></p>
<h3 id="m9">com.epam.cdp.cal.tests.testng.SumCalTest#onePlusTwoTest</h3><table class="result"><tr class="param"><th>Parameter #1</th><th>Parameter #2</th><th>Parameter #3</th></tr><tr class="param stripe"><td>-1</td><td>10</td><td>9</td></tr></table><p class="totop"><a href="#summary">back to summary</a></p>
<h3 id="m10">com.epam.cdp.cal.tests.testng.SumCalTest#onePlusTwoTest</h3><table class="result"><tr class="param"><th>Parameter #1</th><th>Parameter #2</th><th>Parameter #3</th></tr><tr class="param stripe"><td>0</td><td>0</td><td>0</td></tr></table><p class="totop"><a href="#summary">back to summary</a></p>
<h2>Mult Cal Test</h2><h3 id="m11">com.epam.cdp.cal.tests.testng.MultCalTest#doubleOneMultTwoTest</h3><table class="result"><tr class="param"><th>Parameter #1</th><th>Parameter #2</th><th>Parameter #3</th></tr><tr class="param stripe"><td>1.5</td><td>3</td><td>4.5</td></tr><tr><th colspan="3">Exception</th></tr><tr><td colspan="3"><div class="stacktrace">java.lang.AssertionError: Invalid result of mult operation! expected [4.5] but found [4.0]
	at com.epam.cdp.cal.tests.testng.MultCalTest.doubleOneMultTwoTest(MultCalTest.java:27)
	at com.epam.cdp.cal.Runner.main(Runner.java:26)
... Removed 27 stack frames</div></td></tr></table><p class="totop"><a href="#summary">back to summary</a></p>
<h3 id="m12">com.epam.cdp.cal.tests.testng.MultCalTest#doubleOneMultTwoTest</h3><table class="result"><tr class="param"><th>Parameter #1</th><th>Parameter #2</th><th>Parameter #3</th></tr><tr class="param stripe"><td>0.0</td><td>0.0</td><td>0.0</td></tr></table><p class="totop"><a href="#summary">back to summary</a></p>
<h3 id="m13">com.epam.cdp.cal.tests.testng.MultCalTest#doubleOneMultTwoTest</h3><table class="result"><tr class="param"><th>Parameter #1</th><th>Parameter #2</th><th>Parameter #3</th></tr><tr class="param stripe"><td>-1.55</td><td>-100</td><td>155.0</td></tr></table><p class="totop"><a href="#summary">back to summary</a></p>
<h3 id="m14">com.epam.cdp.cal.tests.testng.MultCalTest#doubleOneMultTwoTest</h3><table class="result"><tr class="param"><th>Parameter #1</th><th>Parameter #2</th><th>Parameter #3</th></tr><tr class="param stripe"><td>10</td><td>-1.5</td><td>-15.0</td></tr></table><p class="totop"><a href="#summary">back to summary</a></p>
<h3 id="m15">com.epam.cdp.cal.tests.testng.MultCalTest#oneMultTwoTest</h3><table class="result"><tr class="param"><th>Parameter #1</th><th>Parameter #2</th><th>Parameter #3</th></tr><tr class="param stripe"><td>6</td><td>10</td><td>60</td></tr></table><p class="totop"><a href="#summary">back to summary</a></p>
<h3 id="m16">com.epam.cdp.cal.tests.testng.MultCalTest#oneMultTwoTest</h3><table class="result"><tr class="param"><th>Parameter #1</th><th>Parameter #2</th><th>Parameter #3</th></tr><tr class="param stripe"><td>0</td><td>0</td><td>0</td></tr></table><p class="totop"><a href="#summary">back to summary</a></p>
<h3 id="m17">com.epam.cdp.cal.tests.testng.MultCalTest#oneMultTwoTest</h3><table class="result"><tr class="param"><th>Parameter #1</th><th>Parameter #2</th><th>Parameter #3</th></tr><tr class="param stripe"><td>10</td><td>-1</td><td>-10</td></tr></table><p class="totop"><a href="#summary">back to summary</a></p>
<h3 id="m18">com.epam.cdp.cal.tests.testng.MultCalTest#oneMultTwoTest</h3><table class="result"><tr class="param"><th>Parameter #1</th><th>Parameter #2</th><th>Parameter #3</th></tr><tr class="param stripe"><td>5</td><td>3</td><td>15</td></tr></table><p class="totop"><a href="#summary">back to summary</a></p>
<h2>Div Cal Test</h2><h3 id="m19">com.epam.cdp.cal.tests.testng.DivCalTest#doubleOneDivTwoTest</h3><table class="result"><tr class="param"><th>Parameter #1</th><th>Parameter #2</th><th>Parameter #3</th></tr><tr class="param stripe"><td>1.5</td><td>3</td><td>0.5</td></tr></table><p class="totop"><a href="#summary">back to summary</a></p>
<h3 id="m20">com.epam.cdp.cal.tests.testng.DivCalTest#doubleOneDivTwoTest</h3><table class="result"><tr class="param"><th>Parameter #1</th><th>Parameter #2</th><th>Parameter #3</th></tr><tr class="param stripe"><td>3</td><td>-1.5</td><td>-2.0</td></tr></table><p class="totop"><a href="#summary">back to summary</a></p>
<h3 id="m21">com.epam.cdp.cal.tests.testng.DivCalTest#doubleOneDivTwoTest</h3><table class="result"><tr class="param"><th>Parameter #1</th><th>Parameter #2</th><th>Parameter #3</th></tr><tr class="param stripe"><td>-1.55</td><td>-1.55</td><td>1.0</td></tr></table><p class="totop"><a href="#summary">back to summary</a></p>
<h3 id="m22">com.epam.cdp.cal.tests.testng.DivCalTest#doubleOneDivTwoTest</h3><table class="result"><tr class="param"><th>Parameter #1</th><th>Parameter #2</th><th>Parameter #3</th></tr><tr class="param stripe"><td>0.0</td><td>1</td><td>0.0</td></tr></table><p class="totop"><a href="#summary">back to summary</a></p>
<h3 id="m23">com.epam.cdp.cal.tests.testng.DivCalTest#oneDivTwoTest</h3><table class="result"><tr class="param"><th>Parameter #1</th><th>Parameter #2</th><th>Parameter #3</th></tr><tr class="param stripe"><td>10</td><td>-1</td><td>-10</td></tr></table><p class="totop"><a href="#summary">back to summary</a></p>
<h3 id="m24">com.epam.cdp.cal.tests.testng.DivCalTest#oneDivTwoTest</h3><table class="result"><tr class="param"><th>Parameter #1</th><th>Parameter #2</th><th>Parameter #3</th></tr><tr class="param stripe"><td>0</td><td>1</td><td>0</td></tr></table><p class="totop"><a href="#summary">back to summary</a></p>
<h3 id="m25">com.epam.cdp.cal.tests.testng.DivCalTest#oneDivTwoTest</h3><table class="result"><tr class="param"><th>Parameter #1</th><th>Parameter #2</th><th>Parameter #3</th></tr><tr class="param stripe"><td>-10</td><td>-10</td><td>1</td></tr></table><p class="totop"><a href="#summary">back to summary</a></p>
<h3 id="m26">com.epam.cdp.cal.tests.testng.DivCalTest#oneDivTwoTest</h3><table class="result"><tr class="param"><th>Parameter #1</th><th>Parameter #2</th><th>Parameter #3</th></tr><tr class="param stripe"><td>6</td><td>3</td><td>2</td></tr></table><p class="totop"><a href="#summary">back to summary</a></p>
<h2>Cos Cal Test</h2><h3 id="m27">com.epam.cdp.cal.tests.testng.CosCalTest#CosTest</h3><table class="result"><tr class="param"><th>Parameter #1</th><th>Parameter #2</th></tr><tr class="param stripe"><td>180</td><td>-1</td></tr><tr><th colspan="2">Exception</th></tr><tr><td colspan="2"><div class="stacktrace">java.lang.AssertionError: Invalid result of cos operation! expected [-1.0] but found [-0.8011526357338304]
	at com.epam.cdp.cal.tests.testng.CosCalTest.CosTest(CosCalTest.java:11)
	at com.epam.cdp.cal.Runner.main(Runner.java:26)
... Removed 27 stack frames</div></td></tr></table><p class="totop"><a href="#summary">back to summary</a></p>
<h3 id="m28">com.epam.cdp.cal.tests.testng.CosCalTest#CosTest</h3><table class="result"><tr class="param"><th>Parameter #1</th><th>Parameter #2</th></tr><tr class="param stripe"><td>90</td><td>0</td></tr><tr><th colspan="2">Exception</th></tr><tr><td colspan="2"><div class="stacktrace">java.lang.AssertionError: Invalid result of cos operation! expected [0.0] but found [0.8939966636005579]
	at com.epam.cdp.cal.tests.testng.CosCalTest.CosTest(CosCalTest.java:11)
	at com.epam.cdp.cal.Runner.main(Runner.java:26)
... Removed 27 stack frames</div></td></tr></table><p class="totop"><a href="#summary">back to summary</a></p>
<h3 id="m29">com.epam.cdp.cal.tests.testng.CosCalTest#CosTest</h3><table class="result"><tr class="param"><th>Parameter #1</th><th>Parameter #2</th></tr><tr class="param stripe"><td>0</td><td>1</td></tr><tr><th colspan="2">Exception</th></tr><tr><td colspan="2"><div class="stacktrace">java.lang.AssertionError: Invalid result of cos operation! expected [1.0] but found [0.0]
	at com.epam.cdp.cal.tests.testng.CosCalTest.CosTest(CosCalTest.java:11)
	at com.epam.cdp.cal.Runner.main(Runner.java:26)
... Removed 27 stack frames</div></td></tr></table><p class="totop"><a href="#summary">back to summary</a></p>
<h3 id="m30">com.epam.cdp.cal.tests.testng.CosCalTest#CosTest</h3><table class="result"><tr class="param"><th>Parameter #1</th><th>Parameter #2</th></tr><tr class="param stripe"><td>60</td><td>0.5</td></tr><tr><th colspan="2">Exception</th></tr><tr><td colspan="2"><div class="stacktrace">java.lang.AssertionError: Invalid result of cos operation! expected [0.5] but found [-0.3048106211022167]
	at com.epam.cdp.cal.tests.testng.CosCalTest.CosTest(CosCalTest.java:11)
	at com.epam.cdp.cal.Runner.main(Runner.java:26)
... Removed 27 stack frames</div></td></tr></table><p class="totop"><a href="#summary">back to summary</a></p>
<h2>Ctg Cal Test</h2><h3 id="m31">com.epam.cdp.cal.tests.testng.CtgCalTest#TgTest</h3><table class="result"><tr class="param"><th>Parameter #1</th><th>Parameter #2</th></tr><tr class="param stripe"><td>270</td><td>0</td></tr><tr><th colspan="2">Exception</th></tr><tr><td colspan="2"><div class="stacktrace">java.lang.AssertionError: Invalid result of ctg operation! expected [0.0] but found [1.0]
	at com.epam.cdp.cal.tests.testng.CtgCalTest.TgTest(CtgCalTest.java:11)
	at com.epam.cdp.cal.Runner.main(Runner.java:26)
... Removed 27 stack frames</div></td></tr></table><p class="totop"><a href="#summary">back to summary</a></p>
<h3 id="m32">com.epam.cdp.cal.tests.testng.CtgCalTest#TgTest</h3><table class="result"><tr class="param"><th>Parameter #1</th><th>Parameter #2</th></tr><tr class="param stripe"><td>90</td><td>0</td></tr><tr><th colspan="2">Exception</th></tr><tr><td colspan="2"><div class="stacktrace">java.lang.AssertionError: Invalid result of ctg operation! expected [0.0] but found [1.0]
	at com.epam.cdp.cal.tests.testng.CtgCalTest.TgTest(CtgCalTest.java:11)
	at com.epam.cdp.cal.Runner.main(Runner.java:26)
... Removed 27 stack frames</div></td></tr></table><p class="totop"><a href="#summary">back to summary</a></p>
<h3 id="m33">com.epam.cdp.cal.tests.testng.CtgCalTest#TgTest</h3><table class="result"><tr class="param"><th>Parameter #1</th><th>Parameter #2</th></tr><tr class="param stripe"><td>45</td><td>1</td></tr></table><p class="totop"><a href="#summary">back to summary</a></p>
<h2>IsNegative Cal Test</h2><h3 id="m34">com.epam.cdp.cal.tests.testng.IsNegativeCalTest#IsNegativeTest</h3><table class="result"><tr class="param"><th>Parameter #1</th><th>Parameter #2</th></tr><tr class="param stripe"><td>1</td><td>false</td></tr></table><p class="totop"><a href="#summary">back to summary</a></p>
<h3 id="m35">com.epam.cdp.cal.tests.testng.IsNegativeCalTest#IsNegativeTest</h3><table class="result"><tr class="param"><th>Parameter #1</th><th>Parameter #2</th></tr><tr class="param stripe"><td>90</td><td>false</td></tr></table><p class="totop"><a href="#summary">back to summary</a></p>
<h3 id="m36">com.epam.cdp.cal.tests.testng.IsNegativeCalTest#IsNegativeTest</h3><table class="result"><tr class="param"><th>Parameter #1</th><th>Parameter #2</th></tr><tr class="param stripe"><td>-2</td><td>true</td></tr></table><p class="totop"><a href="#summary">back to summary</a></p>
<h3 id="m37">com.epam.cdp.cal.tests.testng.IsNegativeCalTest#IsNegativeTest</h3><table class="result"><tr class="param"><th>Parameter #1</th><th>Parameter #2</th></tr><tr class="param stripe"><td>0</td><td>false</td></tr></table><p class="totop"><a href="#summary">back to summary</a></p>
<h2>IsPositive Cal Test</h2><h3 id="m38">com.epam.cdp.cal.tests.testng.IsPositiveCalTest#IsPositiveTest</h3><table class="result"><tr class="param"><th>Parameter #1</th><th>Parameter #2</th></tr><tr class="param stripe"><td>-2</td><td>false</td></tr></table><p class="totop"><a href="#summary">back to summary</a></p>
<h3 id="m39">com.epam.cdp.cal.tests.testng.IsPositiveCalTest#IsPositiveTest</h3><table class="result"><tr class="param"><th>Parameter #1</th><th>Parameter #2</th></tr><tr class="param stripe"><td>90</td><td>true</td></tr></table><p class="totop"><a href="#summary">back to summary</a></p>
<h3 id="m40">com.epam.cdp.cal.tests.testng.IsPositiveCalTest#IsPositiveTest</h3><table class="result"><tr class="param"><th>Parameter #1</th><th>Parameter #2</th></tr><tr class="param stripe"><td>1</td><td>true</td></tr></table><p class="totop"><a href="#summary">back to summary</a></p>
<h3 id="m41">com.epam.cdp.cal.tests.testng.IsPositiveCalTest#IsPositiveTest</h3><table class="result"><tr class="param"><th>Parameter #1</th><th>Parameter #2</th></tr><tr class="param stripe"><td>0</td><td>false</td></tr></table><p class="totop"><a href="#summary">back to summary</a></p>
<h2>Pow Cal Test</h2><h3 id="m42">com.epam.cdp.cal.tests.testng.PowCalTest#PowTest</h3><table class="result"><tr class="param"><th>Parameter #1</th><th>Parameter #2</th><th>Parameter #3</th></tr><tr class="param stripe"><td>0</td><td>0</td><td>0</td></tr><tr><th colspan="3">Exception</th></tr><tr><td colspan="3"><div class="stacktrace">java.lang.AssertionError: Invalid result of pow operation! expected [0.0] but found [1.0]
	at com.epam.cdp.cal.tests.testng.PowCalTest.PowTest(PowCalTest.java:11)
	at com.epam.cdp.cal.Runner.main(Runner.java:26)
... Removed 27 stack frames</div></td></tr></table><p class="totop"><a href="#summary">back to summary</a></p>
<h3 id="m43">com.epam.cdp.cal.tests.testng.PowCalTest#PowTest</h3><table class="result"><tr class="param"><th>Parameter #1</th><th>Parameter #2</th><th>Parameter #3</th></tr><tr class="param stripe"><td>10</td><td>23</td><td>33</td></tr><tr><th colspan="3">Exception</th></tr><tr><td colspan="3"><div class="stacktrace">java.lang.AssertionError: Invalid result of pow operation! expected [33.0] but found [1.0000000000000001E23]
	at com.epam.cdp.cal.tests.testng.PowCalTest.PowTest(PowCalTest.java:11)
	at com.epam.cdp.cal.Runner.main(Runner.java:26)
... Removed 27 stack frames</div></td></tr></table><p class="totop"><a href="#summary">back to summary</a></p>
<h3 id="m44">com.epam.cdp.cal.tests.testng.PowCalTest#PowTest</h3><table class="result"><tr class="param"><th>Parameter #1</th><th>Parameter #2</th><th>Parameter #3</th></tr><tr class="param stripe"><td>-1</td><td>10</td><td>9</td></tr><tr><th colspan="3">Exception</th></tr><tr><td colspan="3"><div class="stacktrace">java.lang.AssertionError: Invalid result of pow operation! expected [9.0] but found [1.0]
	at com.epam.cdp.cal.tests.testng.PowCalTest.PowTest(PowCalTest.java:11)
	at com.epam.cdp.cal.Runner.main(Runner.java:26)
... Removed 27 stack frames</div></td></tr></table><p class="totop"><a href="#summary">back to summary</a></p>
<h3 id="m45">com.epam.cdp.cal.tests.testng.PowCalTest#PowTest</h3><table class="result"><tr class="param"><th>Parameter #1</th><th>Parameter #2</th><th>Parameter #3</th></tr><tr class="param stripe"><td>10</td><td>-1</td><td>9</td></tr><tr><th colspan="3">Exception</th></tr><tr><td colspan="3"><div class="stacktrace">java.lang.AssertionError: Invalid result of pow operation! expected [9.0] but found [0.1]
	at com.epam.cdp.cal.tests.testng.PowCalTest.PowTest(PowCalTest.java:11)
	at com.epam.cdp.cal.Runner.main(Runner.java:26)
... Removed 27 stack frames</div></td></tr></table><p class="totop"><a href="#summary">back to summary</a></p>
<h2>Sin Cal Test</h2><h3 id="m46">com.epam.cdp.cal.tests.testng.SinCalTest#SinTest</h3><table class="result"><tr class="param"><th>Parameter #1</th><th>Parameter #2</th></tr><tr class="param stripe"><td>90</td><td>1</td></tr><tr><th colspan="2">Exception</th></tr><tr><td colspan="2"><div class="stacktrace">java.lang.AssertionError: Invalid result of sin operation! expected [1.0] but found [0.8939966636005579]
	at com.epam.cdp.cal.tests.testng.SinCalTest.SinTest(SinCalTest.java:11)
	at com.epam.cdp.cal.Runner.main(Runner.java:26)
... Removed 27 stack frames</div></td></tr></table><p class="totop"><a href="#summary">back to summary</a></p>
<h3 id="m47">com.epam.cdp.cal.tests.testng.SinCalTest#SinTest</h3><table class="result"><tr class="param"><th>Parameter #1</th><th>Parameter #2</th></tr><tr class="param stripe"><td>270</td><td>-1</td></tr><tr><th colspan="2">Exception</th></tr><tr><td colspan="2"><div class="stacktrace">java.lang.AssertionError: Invalid result of sin operation! expected [-1.0] but found [-0.1760459464712114]
	at com.epam.cdp.cal.tests.testng.SinCalTest.SinTest(SinCalTest.java:11)
	at com.epam.cdp.cal.Runner.main(Runner.java:26)
... Removed 27 stack frames</div></td></tr></table><p class="totop"><a href="#summary">back to summary</a></p>
<h3 id="m48">com.epam.cdp.cal.tests.testng.SinCalTest#SinTest</h3><table class="result"><tr class="param"><th>Parameter #1</th><th>Parameter #2</th></tr><tr class="param stripe"><td>30</td><td>0.5</td></tr><tr><th colspan="2">Exception</th></tr><tr><td colspan="2"><div class="stacktrace">java.lang.AssertionError: Invalid result of sin operation! expected [0.5] but found [-0.9880316240928618]
	at com.epam.cdp.cal.tests.testng.SinCalTest.SinTest(SinCalTest.java:11)
	at com.epam.cdp.cal.Runner.main(Runner.java:26)
... Removed 27 stack frames</div></td></tr></table><p class="totop"><a href="#summary">back to summary</a></p>
<h3 id="m49">com.epam.cdp.cal.tests.testng.SinCalTest#SinTest</h3><table class="result"><tr class="param"><th>Parameter #1</th><th>Parameter #2</th></tr><tr class="param stripe"><td>0</td><td>0</td></tr></table><p class="totop"><a href="#summary">back to summary</a></p>
<h2>Sqrt Cal Test</h2><h3 id="m50">com.epam.cdp.cal.tests.testng.SqrtCalTest#SqrtTest</h3><table class="result"><tr class="param"><th>Parameter #1</th><th>Parameter #2</th></tr><tr class="param stripe"><td>9</td><td>3</td></tr></table><p class="totop"><a href="#summary">back to summary</a></p>
<h3 id="m51">com.epam.cdp.cal.tests.testng.SqrtCalTest#SqrtTest</h3><table class="result"><tr class="param"><th>Parameter #1</th><th>Parameter #2</th></tr><tr class="param stripe"><td>4</td><td>2</td></tr></table><p class="totop"><a href="#summary">back to summary</a></p>
<h3 id="m52">com.epam.cdp.cal.tests.testng.SqrtCalTest#SqrtTest</h3><table class="result"><tr class="param"><th>Parameter #1</th><th>Parameter #2</th></tr><tr class="param stripe"><td>16</td><td>4</td></tr></table><p class="totop"><a href="#summary">back to summary</a></p>
<h3 id="m53">com.epam.cdp.cal.tests.testng.SqrtCalTest#SqrtTest</h3><table class="result"><tr class="param"><th>Parameter #1</th><th>Parameter #2</th></tr><tr class="param stripe"><td>100</td><td>10</td></tr></table><p class="totop"><a href="#summary">back to summary</a></p>
<h2>Tg Cal Test</h2><h3 id="m54">com.epam.cdp.cal.tests.testng.TgCalTest#TgTest</h3><table class="result"><tr class="param"><th>Parameter #1</th><th>Parameter #2</th></tr><tr class="param stripe"><td>0</td><td>0</td></tr><tr><th colspan="2">Exception</th></tr><tr><td colspan="2"><div class="stacktrace">java.lang.AssertionError: Invalid result of tg operation! expected [0.0] but found [NaN]
	at com.epam.cdp.cal.tests.testng.TgCalTest.TgTest(TgCalTest.java:11)
	at com.epam.cdp.cal.Runner.main(Runner.java:26)
... Removed 27 stack frames</div></td></tr></table><p class="totop"><a href="#summary">back to summary</a></p>
<h3 id="m55">com.epam.cdp.cal.tests.testng.TgCalTest#TgTest</h3><table class="result"><tr class="param"><th>Parameter #1</th><th>Parameter #2</th></tr><tr class="param stripe"><td>180</td><td>0</td></tr><tr><th colspan="2">Exception</th></tr><tr><td colspan="2"><div class="stacktrace">java.lang.AssertionError: Invalid result of tg operation! expected [0.0] but found [1.0]
	at com.epam.cdp.cal.tests.testng.TgCalTest.TgTest(TgCalTest.java:11)
	at com.epam.cdp.cal.Runner.main(Runner.java:26)
... Removed 27 stack frames</div></td></tr></table><p class="totop"><a href="#summary">back to summary</a></p>
<h3 id="m56">com.epam.cdp.cal.tests.testng.TgCalTest#TgTest</h3><table class="result"><tr class="param"><th>Parameter #1</th><th>Parameter #2</th></tr><tr class="param stripe"><td>360</td><td>0</td></tr><tr><th colspan="2">Exception</th></tr><tr><td colspan="2"><div class="stacktrace">java.lang.AssertionError: Invalid result of tg operation! expected [0.0] but found [1.0]
	at com.epam.cdp.cal.tests.testng.TgCalTest.TgTest(TgCalTest.java:11)
	at com.epam.cdp.cal.Runner.main(Runner.java:26)
... Removed 27 stack frames</div></td></tr></table><p class="totop"><a href="#summary">back to summary</a></p>
<h3 id="m57">com.epam.cdp.cal.tests.testng.TgCalTest#TgTest</h3><table class="result"><tr class="param"><th>Parameter #1</th><th>Parameter #2</th></tr><tr class="param stripe"><td>45</td><td>1</td></tr></table><p class="totop"><a href="#summary">back to summary</a></p>
</body>
</html>
