<?xml version="1.0" encoding="UTF-8"?>
<testng-results skipped="0" failed="17" ignored="0" total="58" passed="41">
  <reporter-output>
  </reporter-output>
  <suite name="Demo Suite" duration-ms="507" started-at="2018-07-08T22:55:25Z" finished-at="2018-07-08T22:55:25Z">
    <groups>
    </groups>
    <test name="Sub Cal Test" duration-ms="70" started-at="2018-07-08T22:55:25Z" finished-at="2018-07-08T22:55:25Z">
      <class name="com.epam.cdp.cal.tests.testng.SubCalTest">
        <test-method status="PASS" signature="setUp()[pri:0, instance:com.epam.cdp.cal.tests.testng.SubCalTest@68fb2c38]" name="setUp" is-config="true" duration-ms="26" started-at="2018-07-08T22:55:25Z" finished-at="2018-07-08T22:55:25Z">
          <reporter-output>
          </reporter-output>
        </test-method> <!-- setUp -->
        <test-method status="PASS" signature="doubleThreeMinusOne()[pri:0, instance:com.epam.cdp.cal.tests.testng.SubCalTest@68fb2c38]" name="doubleThreeMinusOne" duration-ms="2" started-at="2018-07-08T22:55:25Z" finished-at="2018-07-08T22:55:25Z">
          <reporter-output>
          </reporter-output>
        </test-method> <!-- doubleThreeMinusOne -->
        <test-method status="PASS" signature="tearDown()[pri:0, instance:com.epam.cdp.cal.tests.testng.SubCalTest@68fb2c38]" name="tearDown" is-config="true" duration-ms="0" started-at="2018-07-08T22:55:25Z" finished-at="2018-07-08T22:55:25Z">
          <reporter-output>
          </reporter-output>
        </test-method> <!-- tearDown -->
        <test-method status="PASS" signature="twoMinusOne()[pri:0, instance:com.epam.cdp.cal.tests.testng.SubCalTest@68fb2c38]" name="twoMinusOne" duration-ms="0" started-at="2018-07-08T22:55:25Z" finished-at="2018-07-08T22:55:25Z">
          <reporter-output>
          </reporter-output>
        </test-method> <!-- twoMinusOne -->
      </class> <!-- com.epam.cdp.cal.tests.testng.SubCalTest -->
    </test> <!-- Sub Cal Test -->
    <test name="Sum Cal Test" duration-ms="11" started-at="2018-07-08T22:55:25Z" finished-at="2018-07-08T22:55:25Z">
      <class name="com.epam.cdp.cal.tests.testng.SumCalTest">
        <test-method status="PASS" signature="setUp()[pri:0, instance:com.epam.cdp.cal.tests.testng.SumCalTest@33e5ccce]" name="setUp" is-config="true" duration-ms="0" started-at="2018-07-08T22:55:25Z" finished-at="2018-07-08T22:55:25Z">
          <reporter-output>
          </reporter-output>
        </test-method> <!-- setUp -->
        <test-method status="PASS" signature="doubleOnePlusTwoTest(double, double, double)[pri:0, instance:com.epam.cdp.cal.tests.testng.SumCalTest@33e5ccce]" name="doubleOnePlusTwoTest" duration-ms="0" started-at="2018-07-08T22:55:25Z" data-provider="doubleValuesForSunTest" finished-at="2018-07-08T22:55:25Z">
          <params>
            <param index="0">
              <value>
                <![CDATA[10.56]]>
              </value>
            </param>
            <param index="1">
              <value>
                <![CDATA[-1.56]]>
              </value>
            </param>
            <param index="2">
              <value>
                <![CDATA[9.0]]>
              </value>
            </param>
          </params>
          <reporter-output>
          </reporter-output>
        </test-method> <!-- doubleOnePlusTwoTest -->
        <test-method status="PASS" signature="doubleOnePlusTwoTest(double, double, double)[pri:0, instance:com.epam.cdp.cal.tests.testng.SumCalTest@33e5ccce]" name="doubleOnePlusTwoTest" duration-ms="0" started-at="2018-07-08T22:55:25Z" data-provider="doubleValuesForSunTest" finished-at="2018-07-08T22:55:25Z">
          <params>
            <param index="0">
              <value>
                <![CDATA[10.6]]>
              </value>
            </param>
            <param index="1">
              <value>
                <![CDATA[23.4]]>
              </value>
            </param>
            <param index="2">
              <value>
                <![CDATA[34.0]]>
              </value>
            </param>
          </params>
          <reporter-output>
          </reporter-output>
        </test-method> <!-- doubleOnePlusTwoTest -->
        <test-method status="PASS" signature="doubleOnePlusTwoTest(double, double, double)[pri:0, instance:com.epam.cdp.cal.tests.testng.SumCalTest@33e5ccce]" name="doubleOnePlusTwoTest" duration-ms="0" started-at="2018-07-08T22:55:25Z" data-provider="doubleValuesForSunTest" finished-at="2018-07-08T22:55:25Z">
          <params>
            <param index="0">
              <value>
                <![CDATA[-1.45]]>
              </value>
            </param>
            <param index="1">
              <value>
                <![CDATA[10.45]]>
              </value>
            </param>
            <param index="2">
              <value>
                <![CDATA[9.0]]>
              </value>
            </param>
          </params>
          <reporter-output>
          </reporter-output>
        </test-method> <!-- doubleOnePlusTwoTest -->
        <test-method status="PASS" signature="doubleOnePlusTwoTest(double, double, double)[pri:0, instance:com.epam.cdp.cal.tests.testng.SumCalTest@33e5ccce]" name="doubleOnePlusTwoTest" duration-ms="0" started-at="2018-07-08T22:55:25Z" data-provider="doubleValuesForSunTest" finished-at="2018-07-08T22:55:25Z">
          <params>
            <param index="0">
              <value>
                <![CDATA[0.0]]>
              </value>
            </param>
            <param index="1">
              <value>
                <![CDATA[0.0]]>
              </value>
            </param>
            <param index="2">
              <value>
                <![CDATA[0.0]]>
              </value>
            </param>
          </params>
          <reporter-output>
          </reporter-output>
        </test-method> <!-- doubleOnePlusTwoTest -->
        <test-method status="PASS" signature="doubleOnePlusTwoTest(double, double, double)[pri:0, instance:com.epam.cdp.cal.tests.testng.SumCalTest@33e5ccce]" name="doubleOnePlusTwoTest" duration-ms="0" started-at="2018-07-08T22:55:25Z" data-provider="doubleValuesForSunTest" finished-at="2018-07-08T22:55:25Z">
          <params>
            <param index="0">
              <value>
                <![CDATA[-1.5]]>
              </value>
            </param>
            <param index="1">
              <value>
                <![CDATA[-10.5]]>
              </value>
            </param>
            <param index="2">
              <value>
                <![CDATA[-12.0]]>
              </value>
            </param>
          </params>
          <reporter-output>
          </reporter-output>
        </test-method> <!-- doubleOnePlusTwoTest -->
        <test-method status="PASS" signature="onePlusTwoTest(long, long, long)[pri:0, instance:com.epam.cdp.cal.tests.testng.SumCalTest@33e5ccce]" name="onePlusTwoTest" duration-ms="0" started-at="2018-07-08T22:55:25Z" data-provider="valuesForSunTest" finished-at="2018-07-08T22:55:25Z">
          <params>
            <param index="0">
              <value>
                <![CDATA[10]]>
              </value>
            </param>
            <param index="1">
              <value>
                <![CDATA[23]]>
              </value>
            </param>
            <param index="2">
              <value>
                <![CDATA[33]]>
              </value>
            </param>
          </params>
          <reporter-output>
          </reporter-output>
        </test-method> <!-- onePlusTwoTest -->
        <test-method status="PASS" signature="onePlusTwoTest(long, long, long)[pri:0, instance:com.epam.cdp.cal.tests.testng.SumCalTest@33e5ccce]" name="onePlusTwoTest" duration-ms="0" started-at="2018-07-08T22:55:25Z" data-provider="valuesForSunTest" finished-at="2018-07-08T22:55:25Z">
          <params>
            <param index="0">
              <value>
                <![CDATA[10]]>
              </value>
            </param>
            <param index="1">
              <value>
                <![CDATA[-1]]>
              </value>
            </param>
            <param index="2">
              <value>
                <![CDATA[9]]>
              </value>
            </param>
          </params>
          <reporter-output>
          </reporter-output>
        </test-method> <!-- onePlusTwoTest -->
        <test-method status="PASS" signature="tearDown()[pri:0, instance:com.epam.cdp.cal.tests.testng.SumCalTest@33e5ccce]" name="tearDown" is-config="true" duration-ms="1" started-at="2018-07-08T22:55:25Z" finished-at="2018-07-08T22:55:25Z">
          <reporter-output>
          </reporter-output>
        </test-method> <!-- tearDown -->
        <test-method status="PASS" signature="onePlusTwoTest(long, long, long)[pri:0, instance:com.epam.cdp.cal.tests.testng.SumCalTest@33e5ccce]" name="onePlusTwoTest" duration-ms="0" started-at="2018-07-08T22:55:25Z" data-provider="valuesForSunTest" finished-at="2018-07-08T22:55:25Z">
          <params>
            <param index="0">
              <value>
                <![CDATA[-1]]>
              </value>
            </param>
            <param index="1">
              <value>
                <![CDATA[10]]>
              </value>
            </param>
            <param index="2">
              <value>
                <![CDATA[9]]>
              </value>
            </param>
          </params>
          <reporter-output>
          </reporter-output>
        </test-method> <!-- onePlusTwoTest -->
        <test-method status="PASS" signature="onePlusTwoTest(long, long, long)[pri:0, instance:com.epam.cdp.cal.tests.testng.SumCalTest@33e5ccce]" name="onePlusTwoTest" duration-ms="0" started-at="2018-07-08T22:55:25Z" data-provider="valuesForSunTest" finished-at="2018-07-08T22:55:25Z">
          <params>
            <param index="0">
              <value>
                <![CDATA[0]]>
              </value>
            </param>
            <param index="1">
              <value>
                <![CDATA[0]]>
              </value>
            </param>
            <param index="2">
              <value>
                <![CDATA[0]]>
              </value>
            </param>
          </params>
          <reporter-output>
          </reporter-output>
        </test-method> <!-- onePlusTwoTest -->
      </class> <!-- com.epam.cdp.cal.tests.testng.SumCalTest -->
    </test> <!-- Sum Cal Test -->
    <test name="Mult Cal Test" duration-ms="14" started-at="2018-07-08T22:55:25Z" finished-at="2018-07-08T22:55:25Z">
      <class name="com.epam.cdp.cal.tests.testng.MultCalTest">
        <test-method status="PASS" signature="setUp()[pri:0, instance:com.epam.cdp.cal.tests.testng.MultCalTest@769c9116]" name="setUp" is-config="true" duration-ms="0" started-at="2018-07-08T22:55:25Z" finished-at="2018-07-08T22:55:25Z">
          <reporter-output>
          </reporter-output>
        </test-method> <!-- setUp -->
        <test-method status="FAIL" signature="doubleOneMultTwoTest(double, double, double)[pri:0, instance:com.epam.cdp.cal.tests.testng.MultCalTest@769c9116]" name="doubleOneMultTwoTest" duration-ms="1" started-at="2018-07-08T22:55:25Z" data-provider="doubleValuesForMultTest" finished-at="2018-07-08T22:55:25Z">
          <params>
            <param index="0">
              <value>
                <![CDATA[1.5]]>
              </value>
            </param>
            <param index="1">
              <value>
                <![CDATA[3]]>
              </value>
            </param>
            <param index="2">
              <value>
                <![CDATA[4.5]]>
              </value>
            </param>
          </params>
          <exception class="java.lang.AssertionError">
            <message>
              <![CDATA[Invalid result of mult operation! expected [4.5] but found [4.0]]]>
            </message>
            <full-stacktrace>
              <![CDATA[java.lang.AssertionError: Invalid result of mult operation! expected [4.5] but found [4.0]
at org.testng.Assert.fail(Assert.java:96)
at org.testng.Assert.failNotEquals(Assert.java:776)
at org.testng.Assert.assertEqualsImpl(Assert.java:137)
at org.testng.Assert.assertEquals(Assert.java:118)
at com.epam.cdp.cal.tests.testng.MultCalTest.doubleOneMultTwoTest(MultCalTest.java:27)
at sun.reflect.NativeMethodAccessorImpl.invoke0(Native Method)
at sun.reflect.NativeMethodAccessorImpl.invoke(NativeMethodAccessorImpl.java:62)
at sun.reflect.DelegatingMethodAccessorImpl.invoke(DelegatingMethodAccessorImpl.java:43)
at java.lang.reflect.Method.invoke(Method.java:498)
at org.testng.internal.MethodInvocationHelper.invokeMethod(MethodInvocationHelper.java:124)
at org.testng.internal.Invoker.invokeMethod(Invoker.java:583)
at org.testng.internal.Invoker.invokeTestMethod(Invoker.java:719)
at org.testng.internal.Invoker.invokeTestMethods(Invoker.java:989)
at org.testng.internal.TestMethodWorker.invokeTestMethods(TestMethodWorker.java:125)
at org.testng.internal.TestMethodWorker.run(TestMethodWorker.java:109)
at org.testng.TestRunner.privateRun(TestRunner.java:648)
at org.testng.TestRunner.run(TestRunner.java:505)
at org.testng.SuiteRunner.runTest(SuiteRunner.java:455)
at org.testng.SuiteRunner.runSequentially(SuiteRunner.java:450)
at org.testng.SuiteRunner.privateRun(SuiteRunner.java:415)
at org.testng.SuiteRunner.run(SuiteRunner.java:364)
at org.testng.SuiteRunnerWorker.runSuite(SuiteRunnerWorker.java:52)
at org.testng.SuiteRunnerWorker.run(SuiteRunnerWorker.java:84)
at org.testng.TestNG.runSuitesSequentially(TestNG.java:1208)
at org.testng.TestNG.runSuitesSequentially(TestNG.java:1204)
at org.testng.TestNG.runSuitesLocally(TestNG.java:1137)
at org.testng.TestNG.runSuites(TestNG.java:1049)
at org.testng.TestNG.run(TestNG.java:1017)
at com.epam.cdp.cal.Runner.main(Runner.java:26)
]]>
            </full-stacktrace>
          </exception> <!-- java.lang.AssertionError -->
          <reporter-output>
          </reporter-output>
        </test-method> <!-- doubleOneMultTwoTest -->
        <test-method status="PASS" signature="doubleOneMultTwoTest(double, double, double)[pri:0, instance:com.epam.cdp.cal.tests.testng.MultCalTest@769c9116]" name="doubleOneMultTwoTest" duration-ms="0" started-at="2018-07-08T22:55:25Z" data-provider="doubleValuesForMultTest" finished-at="2018-07-08T22:55:25Z">
          <params>
            <param index="0">
              <value>
                <![CDATA[10]]>
              </value>
            </param>
            <param index="1">
              <value>
                <![CDATA[-1.5]]>
              </value>
            </param>
            <param index="2">
              <value>
                <![CDATA[-15.0]]>
              </value>
            </param>
          </params>
          <reporter-output>
          </reporter-output>
        </test-method> <!-- doubleOneMultTwoTest -->
        <test-method status="PASS" signature="doubleOneMultTwoTest(double, double, double)[pri:0, instance:com.epam.cdp.cal.tests.testng.MultCalTest@769c9116]" name="doubleOneMultTwoTest" duration-ms="0" started-at="2018-07-08T22:55:25Z" data-provider="doubleValuesForMultTest" finished-at="2018-07-08T22:55:25Z">
          <params>
            <param index="0">
              <value>
                <![CDATA[0.0]]>
              </value>
            </param>
            <param index="1">
              <value>
                <![CDATA[0.0]]>
              </value>
            </param>
            <param index="2">
              <value>
                <![CDATA[0.0]]>
              </value>
            </param>
          </params>
          <reporter-output>
          </reporter-output>
        </test-method> <!-- doubleOneMultTwoTest -->
        <test-method status="PASS" signature="doubleOneMultTwoTest(double, double, double)[pri:0, instance:com.epam.cdp.cal.tests.testng.MultCalTest@769c9116]" name="doubleOneMultTwoTest" duration-ms="0" started-at="2018-07-08T22:55:25Z" data-provider="doubleValuesForMultTest" finished-at="2018-07-08T22:55:25Z">
          <params>
            <param index="0">
              <value>
                <![CDATA[-1.55]]>
              </value>
            </param>
            <param index="1">
              <value>
                <![CDATA[-100]]>
              </value>
            </param>
            <param index="2">
              <value>
                <![CDATA[155.0]]>
              </value>
            </param>
          </params>
          <reporter-output>
          </reporter-output>
        </test-method> <!-- doubleOneMultTwoTest -->
        <test-method status="PASS" signature="oneMultTwoTest(long, long, long)[pri:0, instance:com.epam.cdp.cal.tests.testng.MultCalTest@769c9116]" name="oneMultTwoTest" duration-ms="1" started-at="2018-07-08T22:55:25Z" data-provider="valuesForMultTest" finished-at="2018-07-08T22:55:25Z">
          <params>
            <param index="0">
              <value>
                <![CDATA[10]]>
              </value>
            </param>
            <param index="1">
              <value>
                <![CDATA[-1]]>
              </value>
            </param>
            <param index="2">
              <value>
                <![CDATA[-10]]>
              </value>
            </param>
          </params>
          <reporter-output>
          </reporter-output>
        </test-method> <!-- oneMultTwoTest -->
        <test-method status="PASS" signature="oneMultTwoTest(long, long, long)[pri:0, instance:com.epam.cdp.cal.tests.testng.MultCalTest@769c9116]" name="oneMultTwoTest" duration-ms="0" started-at="2018-07-08T22:55:25Z" data-provider="valuesForMultTest" finished-at="2018-07-08T22:55:25Z">
          <params>
            <param index="0">
              <value>
                <![CDATA[5]]>
              </value>
            </param>
            <param index="1">
              <value>
                <![CDATA[3]]>
              </value>
            </param>
            <param index="2">
              <value>
                <![CDATA[15]]>
              </value>
            </param>
          </params>
          <reporter-output>
          </reporter-output>
        </test-method> <!-- oneMultTwoTest -->
        <test-method status="PASS" signature="oneMultTwoTest(long, long, long)[pri:0, instance:com.epam.cdp.cal.tests.testng.MultCalTest@769c9116]" name="oneMultTwoTest" duration-ms="0" started-at="2018-07-08T22:55:25Z" data-provider="valuesForMultTest" finished-at="2018-07-08T22:55:25Z">
          <params>
            <param index="0">
              <value>
                <![CDATA[6]]>
              </value>
            </param>
            <param index="1">
              <value>
                <![CDATA[10]]>
              </value>
            </param>
            <param index="2">
              <value>
                <![CDATA[60]]>
              </value>
            </param>
          </params>
          <reporter-output>
          </reporter-output>
        </test-method> <!-- oneMultTwoTest -->
        <test-method status="PASS" signature="tearDown()[pri:0, instance:com.epam.cdp.cal.tests.testng.MultCalTest@769c9116]" name="tearDown" is-config="true" duration-ms="1" started-at="2018-07-08T22:55:25Z" finished-at="2018-07-08T22:55:25Z">
          <reporter-output>
          </reporter-output>
        </test-method> <!-- tearDown -->
        <test-method status="PASS" signature="oneMultTwoTest(long, long, long)[pri:0, instance:com.epam.cdp.cal.tests.testng.MultCalTest@769c9116]" name="oneMultTwoTest" duration-ms="0" started-at="2018-07-08T22:55:25Z" data-provider="valuesForMultTest" finished-at="2018-07-08T22:55:25Z">
          <params>
            <param index="0">
              <value>
                <![CDATA[0]]>
              </value>
            </param>
            <param index="1">
              <value>
                <![CDATA[0]]>
              </value>
            </param>
            <param index="2">
              <value>
                <![CDATA[0]]>
              </value>
            </param>
          </params>
          <reporter-output>
          </reporter-output>
        </test-method> <!-- oneMultTwoTest -->
      </class> <!-- com.epam.cdp.cal.tests.testng.MultCalTest -->
    </test> <!-- Mult Cal Test -->
    <test name="Div Cal Test" duration-ms="4" started-at="2018-07-08T22:55:25Z" finished-at="2018-07-08T22:55:25Z">
      <class name="com.epam.cdp.cal.tests.testng.DivCalTest">
        <test-method status="PASS" signature="setUp()[pri:0, instance:com.epam.cdp.cal.tests.testng.DivCalTest@67117f44]" name="setUp" is-config="true" duration-ms="0" started-at="2018-07-08T22:55:25Z" finished-at="2018-07-08T22:55:25Z">
          <reporter-output>
          </reporter-output>
        </test-method> <!-- setUp -->
        <test-method status="PASS" signature="doubleOneDivTwoTest(double, double, double)[pri:0, instance:com.epam.cdp.cal.tests.testng.DivCalTest@67117f44]" name="doubleOneDivTwoTest" duration-ms="0" started-at="2018-07-08T22:55:25Z" data-provider="doubleValuesForDivTest" finished-at="2018-07-08T22:55:25Z">
          <params>
            <param index="0">
              <value>
                <![CDATA[1.5]]>
              </value>
            </param>
            <param index="1">
              <value>
                <![CDATA[3]]>
              </value>
            </param>
            <param index="2">
              <value>
                <![CDATA[0.5]]>
              </value>
            </param>
          </params>
          <reporter-output>
          </reporter-output>
        </test-method> <!-- doubleOneDivTwoTest -->
        <test-method status="PASS" signature="doubleOneDivTwoTest(double, double, double)[pri:0, instance:com.epam.cdp.cal.tests.testng.DivCalTest@67117f44]" name="doubleOneDivTwoTest" duration-ms="0" started-at="2018-07-08T22:55:25Z" data-provider="doubleValuesForDivTest" finished-at="2018-07-08T22:55:25Z">
          <params>
            <param index="0">
              <value>
                <![CDATA[3]]>
              </value>
            </param>
            <param index="1">
              <value>
                <![CDATA[-1.5]]>
              </value>
            </param>
            <param index="2">
              <value>
                <![CDATA[-2.0]]>
              </value>
            </param>
          </params>
          <reporter-output>
          </reporter-output>
        </test-method> <!-- doubleOneDivTwoTest -->
        <test-method status="PASS" signature="doubleOneDivTwoTest(double, double, double)[pri:0, instance:com.epam.cdp.cal.tests.testng.DivCalTest@67117f44]" name="doubleOneDivTwoTest" duration-ms="1" started-at="2018-07-08T22:55:25Z" data-provider="doubleValuesForDivTest" finished-at="2018-07-08T22:55:25Z">
          <params>
            <param index="0">
              <value>
                <![CDATA[0.0]]>
              </value>
            </param>
            <param index="1">
              <value>
                <![CDATA[1]]>
              </value>
            </param>
            <param index="2">
              <value>
                <![CDATA[0.0]]>
              </value>
            </param>
          </params>
          <reporter-output>
          </reporter-output>
        </test-method> <!-- doubleOneDivTwoTest -->
        <test-method status="PASS" signature="doubleOneDivTwoTest(double, double, double)[pri:0, instance:com.epam.cdp.cal.tests.testng.DivCalTest@67117f44]" name="doubleOneDivTwoTest" duration-ms="0" started-at="2018-07-08T22:55:25Z" data-provider="doubleValuesForDivTest" finished-at="2018-07-08T22:55:25Z">
          <params>
            <param index="0">
              <value>
                <![CDATA[-1.55]]>
              </value>
            </param>
            <param index="1">
              <value>
                <![CDATA[-1.55]]>
              </value>
            </param>
            <param index="2">
              <value>
                <![CDATA[1.0]]>
              </value>
            </param>
          </params>
          <reporter-output>
          </reporter-output>
        </test-method> <!-- doubleOneDivTwoTest -->
        <test-method status="PASS" signature="oneDivTwoTest(long, long, long)[pri:0, instance:com.epam.cdp.cal.tests.testng.DivCalTest@67117f44]" name="oneDivTwoTest" duration-ms="0" started-at="2018-07-08T22:55:25Z" data-provider="valuesForDivTest" finished-at="2018-07-08T22:55:25Z">
          <params>
            <param index="0">
              <value>
                <![CDATA[6]]>
              </value>
            </param>
            <param index="1">
              <value>
                <![CDATA[3]]>
              </value>
            </param>
            <param index="2">
              <value>
                <![CDATA[2]]>
              </value>
            </param>
          </params>
          <reporter-output>
          </reporter-output>
        </test-method> <!-- oneDivTwoTest -->
        <test-method status="PASS" signature="oneDivTwoTest(long, long, long)[pri:0, instance:com.epam.cdp.cal.tests.testng.DivCalTest@67117f44]" name="oneDivTwoTest" duration-ms="0" started-at="2018-07-08T22:55:25Z" data-provider="valuesForDivTest" finished-at="2018-07-08T22:55:25Z">
          <params>
            <param index="0">
              <value>
                <![CDATA[10]]>
              </value>
            </param>
            <param index="1">
              <value>
                <![CDATA[-1]]>
              </value>
            </param>
            <param index="2">
              <value>
                <![CDATA[-10]]>
              </value>
            </param>
          </params>
          <reporter-output>
          </reporter-output>
        </test-method> <!-- oneDivTwoTest -->
        <test-method status="PASS" signature="oneDivTwoTest(long, long, long)[pri:0, instance:com.epam.cdp.cal.tests.testng.DivCalTest@67117f44]" name="oneDivTwoTest" duration-ms="0" started-at="2018-07-08T22:55:25Z" data-provider="valuesForDivTest" finished-at="2018-07-08T22:55:25Z">
          <params>
            <param index="0">
              <value>
                <![CDATA[0]]>
              </value>
            </param>
            <param index="1">
              <value>
                <![CDATA[1]]>
              </value>
            </param>
            <param index="2">
              <value>
                <![CDATA[0]]>
              </value>
            </param>
          </params>
          <reporter-output>
          </reporter-output>
        </test-method> <!-- oneDivTwoTest -->
        <test-method status="PASS" signature="oneDivTwoTest(long, long, long)[pri:0, instance:com.epam.cdp.cal.tests.testng.DivCalTest@67117f44]" name="oneDivTwoTest" duration-ms="0" started-at="2018-07-08T22:55:25Z" data-provider="valuesForDivTest" finished-at="2018-07-08T22:55:25Z">
          <params>
            <param index="0">
              <value>
                <![CDATA[-10]]>
              </value>
            </param>
            <param index="1">
              <value>
                <![CDATA[-10]]>
              </value>
            </param>
            <param index="2">
              <value>
                <![CDATA[1]]>
              </value>
            </param>
          </params>
          <reporter-output>
          </reporter-output>
        </test-method> <!-- oneDivTwoTest -->
        <test-method status="PASS" signature="tearDown()[pri:0, instance:com.epam.cdp.cal.tests.testng.DivCalTest@67117f44]" name="tearDown" is-config="true" duration-ms="0" started-at="2018-07-08T22:55:25Z" finished-at="2018-07-08T22:55:25Z">
          <reporter-output>
          </reporter-output>
        </test-method> <!-- tearDown -->
      </class> <!-- com.epam.cdp.cal.tests.testng.DivCalTest -->
    </test> <!-- Div Cal Test -->
    <test name="Cos Cal Test" duration-ms="12" started-at="2018-07-08T22:55:25Z" finished-at="2018-07-08T22:55:25Z">
      <class name="com.epam.cdp.cal.tests.testng.CosCalTest">
        <test-method status="PASS" signature="setUp()[pri:0, instance:com.epam.cdp.cal.tests.testng.CosCalTest@2be94b0f]" name="setUp" is-config="true" duration-ms="0" started-at="2018-07-08T22:55:25Z" finished-at="2018-07-08T22:55:25Z">
          <reporter-output>
          </reporter-output>
        </test-method> <!-- setUp -->
        <test-method status="FAIL" signature="CosTest(double, double)[pri:0, instance:com.epam.cdp.cal.tests.testng.CosCalTest@2be94b0f]" name="CosTest" duration-ms="0" started-at="2018-07-08T22:55:25Z" data-provider="valuesForCosTest" finished-at="2018-07-08T22:55:25Z">
          <params>
            <param index="0">
              <value>
                <![CDATA[0]]>
              </value>
            </param>
            <param index="1">
              <value>
                <![CDATA[1]]>
              </value>
            </param>
          </params>
          <exception class="java.lang.AssertionError">
            <message>
              <![CDATA[Invalid result of cos operation! expected [1.0] but found [0.0]]]>
            </message>
            <full-stacktrace>
              <![CDATA[java.lang.AssertionError: Invalid result of cos operation! expected [1.0] but found [0.0]
at org.testng.Assert.fail(Assert.java:96)
at org.testng.Assert.failNotEquals(Assert.java:776)
at org.testng.Assert.assertEqualsImpl(Assert.java:137)
at org.testng.Assert.assertEquals(Assert.java:118)
at com.epam.cdp.cal.tests.testng.CosCalTest.CosTest(CosCalTest.java:11)
at sun.reflect.NativeMethodAccessorImpl.invoke0(Native Method)
at sun.reflect.NativeMethodAccessorImpl.invoke(NativeMethodAccessorImpl.java:62)
at sun.reflect.DelegatingMethodAccessorImpl.invoke(DelegatingMethodAccessorImpl.java:43)
at java.lang.reflect.Method.invoke(Method.java:498)
at org.testng.internal.MethodInvocationHelper.invokeMethod(MethodInvocationHelper.java:124)
at org.testng.internal.Invoker.invokeMethod(Invoker.java:583)
at org.testng.internal.Invoker.invokeTestMethod(Invoker.java:719)
at org.testng.internal.Invoker.invokeTestMethods(Invoker.java:989)
at org.testng.internal.TestMethodWorker.invokeTestMethods(TestMethodWorker.java:125)
at org.testng.internal.TestMethodWorker.run(TestMethodWorker.java:109)
at org.testng.TestRunner.privateRun(TestRunner.java:648)
at org.testng.TestRunner.run(TestRunner.java:505)
at org.testng.SuiteRunner.runTest(SuiteRunner.java:455)
at org.testng.SuiteRunner.runSequentially(SuiteRunner.java:450)
at org.testng.SuiteRunner.privateRun(SuiteRunner.java:415)
at org.testng.SuiteRunner.run(SuiteRunner.java:364)
at org.testng.SuiteRunnerWorker.runSuite(SuiteRunnerWorker.java:52)
at org.testng.SuiteRunnerWorker.run(SuiteRunnerWorker.java:84)
at org.testng.TestNG.runSuitesSequentially(TestNG.java:1208)
at org.testng.TestNG.runSuitesSequentially(TestNG.java:1204)
at org.testng.TestNG.runSuitesLocally(TestNG.java:1137)
at org.testng.TestNG.runSuites(TestNG.java:1049)
at org.testng.TestNG.run(TestNG.java:1017)
at com.epam.cdp.cal.Runner.main(Runner.java:26)
]]>
            </full-stacktrace>
          </exception> <!-- java.lang.AssertionError -->
          <reporter-output>
          </reporter-output>
        </test-method> <!-- CosTest -->
        <test-method status="FAIL" signature="CosTest(double, double)[pri:0, instance:com.epam.cdp.cal.tests.testng.CosCalTest@2be94b0f]" name="CosTest" duration-ms="9" started-at="2018-07-08T22:55:25Z" data-provider="valuesForCosTest" finished-at="2018-07-08T22:55:25Z">
          <params>
            <param index="0">
              <value>
                <![CDATA[60]]>
              </value>
            </param>
            <param index="1">
              <value>
                <![CDATA[0.5]]>
              </value>
            </param>
          </params>
          <exception class="java.lang.AssertionError">
            <message>
              <![CDATA[Invalid result of cos operation! expected [0.5] but found [-0.3048106211022167]]]>
            </message>
            <full-stacktrace>
              <![CDATA[java.lang.AssertionError: Invalid result of cos operation! expected [0.5] but found [-0.3048106211022167]
at org.testng.Assert.fail(Assert.java:96)
at org.testng.Assert.failNotEquals(Assert.java:776)
at org.testng.Assert.assertEqualsImpl(Assert.java:137)
at org.testng.Assert.assertEquals(Assert.java:118)
at com.epam.cdp.cal.tests.testng.CosCalTest.CosTest(CosCalTest.java:11)
at sun.reflect.NativeMethodAccessorImpl.invoke0(Native Method)
at sun.reflect.NativeMethodAccessorImpl.invoke(NativeMethodAccessorImpl.java:62)
at sun.reflect.DelegatingMethodAccessorImpl.invoke(DelegatingMethodAccessorImpl.java:43)
at java.lang.reflect.Method.invoke(Method.java:498)
at org.testng.internal.MethodInvocationHelper.invokeMethod(MethodInvocationHelper.java:124)
at org.testng.internal.Invoker.invokeMethod(Invoker.java:583)
at org.testng.internal.Invoker.invokeTestMethod(Invoker.java:719)
at org.testng.internal.Invoker.invokeTestMethods(Invoker.java:989)
at org.testng.internal.TestMethodWorker.invokeTestMethods(TestMethodWorker.java:125)
at org.testng.internal.TestMethodWorker.run(TestMethodWorker.java:109)
at org.testng.TestRunner.privateRun(TestRunner.java:648)
at org.testng.TestRunner.run(TestRunner.java:505)
at org.testng.SuiteRunner.runTest(SuiteRunner.java:455)
at org.testng.SuiteRunner.runSequentially(SuiteRunner.java:450)
at org.testng.SuiteRunner.privateRun(SuiteRunner.java:415)
at org.testng.SuiteRunner.run(SuiteRunner.java:364)
at org.testng.SuiteRunnerWorker.runSuite(SuiteRunnerWorker.java:52)
at org.testng.SuiteRunnerWorker.run(SuiteRunnerWorker.java:84)
at org.testng.TestNG.runSuitesSequentially(TestNG.java:1208)
at org.testng.TestNG.runSuitesSequentially(TestNG.java:1204)
at org.testng.TestNG.runSuitesLocally(TestNG.java:1137)
at org.testng.TestNG.runSuites(TestNG.java:1049)
at org.testng.TestNG.run(TestNG.java:1017)
at com.epam.cdp.cal.Runner.main(Runner.java:26)
]]>
            </full-stacktrace>
          </exception> <!-- java.lang.AssertionError -->
          <reporter-output>
          </reporter-output>
        </test-method> <!-- CosTest -->
        <test-method status="FAIL" signature="CosTest(double, double)[pri:0, instance:com.epam.cdp.cal.tests.testng.CosCalTest@2be94b0f]" name="CosTest" duration-ms="1" started-at="2018-07-08T22:55:25Z" data-provider="valuesForCosTest" finished-at="2018-07-08T22:55:25Z">
          <params>
            <param index="0">
              <value>
                <![CDATA[180]]>
              </value>
            </param>
            <param index="1">
              <value>
                <![CDATA[-1]]>
              </value>
            </param>
          </params>
          <exception class="java.lang.AssertionError">
            <message>
              <![CDATA[Invalid result of cos operation! expected [-1.0] but found [-0.8011526357338304]]]>
            </message>
            <full-stacktrace>
              <![CDATA[java.lang.AssertionError: Invalid result of cos operation! expected [-1.0] but found [-0.8011526357338304]
at org.testng.Assert.fail(Assert.java:96)
at org.testng.Assert.failNotEquals(Assert.java:776)
at org.testng.Assert.assertEqualsImpl(Assert.java:137)
at org.testng.Assert.assertEquals(Assert.java:118)
at com.epam.cdp.cal.tests.testng.CosCalTest.CosTest(CosCalTest.java:11)
at sun.reflect.NativeMethodAccessorImpl.invoke0(Native Method)
at sun.reflect.NativeMethodAccessorImpl.invoke(NativeMethodAccessorImpl.java:62)
at sun.reflect.DelegatingMethodAccessorImpl.invoke(DelegatingMethodAccessorImpl.java:43)
at java.lang.reflect.Method.invoke(Method.java:498)
at org.testng.internal.MethodInvocationHelper.invokeMethod(MethodInvocationHelper.java:124)
at org.testng.internal.Invoker.invokeMethod(Invoker.java:583)
at org.testng.internal.Invoker.invokeTestMethod(Invoker.java:719)
at org.testng.internal.Invoker.invokeTestMethods(Invoker.java:989)
at org.testng.internal.TestMethodWorker.invokeTestMethods(TestMethodWorker.java:125)
at org.testng.internal.TestMethodWorker.run(TestMethodWorker.java:109)
at org.testng.TestRunner.privateRun(TestRunner.java:648)
at org.testng.TestRunner.run(TestRunner.java:505)
at org.testng.SuiteRunner.runTest(SuiteRunner.java:455)
at org.testng.SuiteRunner.runSequentially(SuiteRunner.java:450)
at org.testng.SuiteRunner.privateRun(SuiteRunner.java:415)
at org.testng.SuiteRunner.run(SuiteRunner.java:364)
at org.testng.SuiteRunnerWorker.runSuite(SuiteRunnerWorker.java:52)
at org.testng.SuiteRunnerWorker.run(SuiteRunnerWorker.java:84)
at org.testng.TestNG.runSuitesSequentially(TestNG.java:1208)
at org.testng.TestNG.runSuitesSequentially(TestNG.java:1204)
at org.testng.TestNG.runSuitesLocally(TestNG.java:1137)
at org.testng.TestNG.runSuites(TestNG.java:1049)
at org.testng.TestNG.run(TestNG.java:1017)
at com.epam.cdp.cal.Runner.main(Runner.java:26)
]]>
            </full-stacktrace>
          </exception> <!-- java.lang.AssertionError -->
          <reporter-output>
          </reporter-output>
        </test-method> <!-- CosTest -->
        <test-method status="FAIL" signature="CosTest(double, double)[pri:0, instance:com.epam.cdp.cal.tests.testng.CosCalTest@2be94b0f]" name="CosTest" duration-ms="0" started-at="2018-07-08T22:55:25Z" data-provider="valuesForCosTest" finished-at="2018-07-08T22:55:25Z">
          <params>
            <param index="0">
              <value>
                <![CDATA[90]]>
              </value>
            </param>
            <param index="1">
              <value>
                <![CDATA[0]]>
              </value>
            </param>
          </params>
          <exception class="java.lang.AssertionError">
            <message>
              <![CDATA[Invalid result of cos operation! expected [0.0] but found [0.8939966636005579]]]>
            </message>
            <full-stacktrace>
              <![CDATA[java.lang.AssertionError: Invalid result of cos operation! expected [0.0] but found [0.8939966636005579]
at org.testng.Assert.fail(Assert.java:96)
at org.testng.Assert.failNotEquals(Assert.java:776)
at org.testng.Assert.assertEqualsImpl(Assert.java:137)
at org.testng.Assert.assertEquals(Assert.java:118)
at com.epam.cdp.cal.tests.testng.CosCalTest.CosTest(CosCalTest.java:11)
at sun.reflect.NativeMethodAccessorImpl.invoke0(Native Method)
at sun.reflect.NativeMethodAccessorImpl.invoke(NativeMethodAccessorImpl.java:62)
at sun.reflect.DelegatingMethodAccessorImpl.invoke(DelegatingMethodAccessorImpl.java:43)
at java.lang.reflect.Method.invoke(Method.java:498)
at org.testng.internal.MethodInvocationHelper.invokeMethod(MethodInvocationHelper.java:124)
at org.testng.internal.Invoker.invokeMethod(Invoker.java:583)
at org.testng.internal.Invoker.invokeTestMethod(Invoker.java:719)
at org.testng.internal.Invoker.invokeTestMethods(Invoker.java:989)
at org.testng.internal.TestMethodWorker.invokeTestMethods(TestMethodWorker.java:125)
at org.testng.internal.TestMethodWorker.run(TestMethodWorker.java:109)
at org.testng.TestRunner.privateRun(TestRunner.java:648)
at org.testng.TestRunner.run(TestRunner.java:505)
at org.testng.SuiteRunner.runTest(SuiteRunner.java:455)
at org.testng.SuiteRunner.runSequentially(SuiteRunner.java:450)
at org.testng.SuiteRunner.privateRun(SuiteRunner.java:415)
at org.testng.SuiteRunner.run(SuiteRunner.java:364)
at org.testng.SuiteRunnerWorker.runSuite(SuiteRunnerWorker.java:52)
at org.testng.SuiteRunnerWorker.run(SuiteRunnerWorker.java:84)
at org.testng.TestNG.runSuitesSequentially(TestNG.java:1208)
at org.testng.TestNG.runSuitesSequentially(TestNG.java:1204)
at org.testng.TestNG.runSuitesLocally(TestNG.java:1137)
at org.testng.TestNG.runSuites(TestNG.java:1049)
at org.testng.TestNG.run(TestNG.java:1017)
at com.epam.cdp.cal.Runner.main(Runner.java:26)
]]>
            </full-stacktrace>
          </exception> <!-- java.lang.AssertionError -->
          <reporter-output>
          </reporter-output>
        </test-method> <!-- CosTest -->
        <test-method status="PASS" signature="tearDown()[pri:0, instance:com.epam.cdp.cal.tests.testng.CosCalTest@2be94b0f]" name="tearDown" is-config="true" duration-ms="0" started-at="2018-07-08T22:55:25Z" finished-at="2018-07-08T22:55:25Z">
          <reporter-output>
          </reporter-output>
        </test-method> <!-- tearDown -->
      </class> <!-- com.epam.cdp.cal.tests.testng.CosCalTest -->
    </test> <!-- Cos Cal Test -->
    <test name="Ctg Cal Test" duration-ms="17" started-at="2018-07-08T22:55:25Z" finished-at="2018-07-08T22:55:25Z">
      <class name="com.epam.cdp.cal.tests.testng.CtgCalTest">
        <test-method status="PASS" signature="TgTest(double, double)[pri:0, instance:com.epam.cdp.cal.tests.testng.CtgCalTest@22a71081]" name="TgTest" duration-ms="15" started-at="2018-07-08T22:55:25Z" data-provider="valuesForCtgTest" finished-at="2018-07-08T22:55:25Z">
          <params>
            <param index="0">
              <value>
                <![CDATA[45]]>
              </value>
            </param>
            <param index="1">
              <value>
                <![CDATA[1]]>
              </value>
            </param>
          </params>
          <reporter-output>
          </reporter-output>
        </test-method> <!-- TgTest -->
        <test-method status="PASS" signature="setUp()[pri:0, instance:com.epam.cdp.cal.tests.testng.CtgCalTest@22a71081]" name="setUp" is-config="true" duration-ms="0" started-at="2018-07-08T22:55:25Z" finished-at="2018-07-08T22:55:25Z">
          <reporter-output>
          </reporter-output>
        </test-method> <!-- setUp -->
        <test-method status="FAIL" signature="TgTest(double, double)[pri:0, instance:com.epam.cdp.cal.tests.testng.CtgCalTest@22a71081]" name="TgTest" duration-ms="1" started-at="2018-07-08T22:55:25Z" data-provider="valuesForCtgTest" finished-at="2018-07-08T22:55:25Z">
          <params>
            <param index="0">
              <value>
                <![CDATA[90]]>
              </value>
            </param>
            <param index="1">
              <value>
                <![CDATA[0]]>
              </value>
            </param>
          </params>
          <exception class="java.lang.AssertionError">
            <message>
              <![CDATA[Invalid result of ctg operation! expected [0.0] but found [1.0]]]>
            </message>
            <full-stacktrace>
              <![CDATA[java.lang.AssertionError: Invalid result of ctg operation! expected [0.0] but found [1.0]
at org.testng.Assert.fail(Assert.java:96)
at org.testng.Assert.failNotEquals(Assert.java:776)
at org.testng.Assert.assertEqualsImpl(Assert.java:137)
at org.testng.Assert.assertEquals(Assert.java:118)
at com.epam.cdp.cal.tests.testng.CtgCalTest.TgTest(CtgCalTest.java:11)
at sun.reflect.NativeMethodAccessorImpl.invoke0(Native Method)
at sun.reflect.NativeMethodAccessorImpl.invoke(NativeMethodAccessorImpl.java:62)
at sun.reflect.DelegatingMethodAccessorImpl.invoke(DelegatingMethodAccessorImpl.java:43)
at java.lang.reflect.Method.invoke(Method.java:498)
at org.testng.internal.MethodInvocationHelper.invokeMethod(MethodInvocationHelper.java:124)
at org.testng.internal.Invoker.invokeMethod(Invoker.java:583)
at org.testng.internal.Invoker.invokeTestMethod(Invoker.java:719)
at org.testng.internal.Invoker.invokeTestMethods(Invoker.java:989)
at org.testng.internal.TestMethodWorker.invokeTestMethods(TestMethodWorker.java:125)
at org.testng.internal.TestMethodWorker.run(TestMethodWorker.java:109)
at org.testng.TestRunner.privateRun(TestRunner.java:648)
at org.testng.TestRunner.run(TestRunner.java:505)
at org.testng.SuiteRunner.runTest(SuiteRunner.java:455)
at org.testng.SuiteRunner.runSequentially(SuiteRunner.java:450)
at org.testng.SuiteRunner.privateRun(SuiteRunner.java:415)
at org.testng.SuiteRunner.run(SuiteRunner.java:364)
at org.testng.SuiteRunnerWorker.runSuite(SuiteRunnerWorker.java:52)
at org.testng.SuiteRunnerWorker.run(SuiteRunnerWorker.java:84)
at org.testng.TestNG.runSuitesSequentially(TestNG.java:1208)
at org.testng.TestNG.runSuitesSequentially(TestNG.java:1204)
at org.testng.TestNG.runSuitesLocally(TestNG.java:1137)
at org.testng.TestNG.runSuites(TestNG.java:1049)
at org.testng.TestNG.run(TestNG.java:1017)
at com.epam.cdp.cal.Runner.main(Runner.java:26)
]]>
            </full-stacktrace>
          </exception> <!-- java.lang.AssertionError -->
          <reporter-output>
          </reporter-output>
        </test-method> <!-- TgTest -->
        <test-method status="FAIL" signature="TgTest(double, double)[pri:0, instance:com.epam.cdp.cal.tests.testng.CtgCalTest@22a71081]" name="TgTest" duration-ms="0" started-at="2018-07-08T22:55:25Z" data-provider="valuesForCtgTest" finished-at="2018-07-08T22:55:25Z">
          <params>
            <param index="0">
              <value>
                <![CDATA[270]]>
              </value>
            </param>
            <param index="1">
              <value>
                <![CDATA[0]]>
              </value>
            </param>
          </params>
          <exception class="java.lang.AssertionError">
            <message>
              <![CDATA[Invalid result of ctg operation! expected [0.0] but found [1.0]]]>
            </message>
            <full-stacktrace>
              <![CDATA[java.lang.AssertionError: Invalid result of ctg operation! expected [0.0] but found [1.0]
at org.testng.Assert.fail(Assert.java:96)
at org.testng.Assert.failNotEquals(Assert.java:776)
at org.testng.Assert.assertEqualsImpl(Assert.java:137)
at org.testng.Assert.assertEquals(Assert.java:118)
at com.epam.cdp.cal.tests.testng.CtgCalTest.TgTest(CtgCalTest.java:11)
at sun.reflect.NativeMethodAccessorImpl.invoke0(Native Method)
at sun.reflect.NativeMethodAccessorImpl.invoke(NativeMethodAccessorImpl.java:62)
at sun.reflect.DelegatingMethodAccessorImpl.invoke(DelegatingMethodAccessorImpl.java:43)
at java.lang.reflect.Method.invoke(Method.java:498)
at org.testng.internal.MethodInvocationHelper.invokeMethod(MethodInvocationHelper.java:124)
at org.testng.internal.Invoker.invokeMethod(Invoker.java:583)
at org.testng.internal.Invoker.invokeTestMethod(Invoker.java:719)
at org.testng.internal.Invoker.invokeTestMethods(Invoker.java:989)
at org.testng.internal.TestMethodWorker.invokeTestMethods(TestMethodWorker.java:125)
at org.testng.internal.TestMethodWorker.run(TestMethodWorker.java:109)
at org.testng.TestRunner.privateRun(TestRunner.java:648)
at org.testng.TestRunner.run(TestRunner.java:505)
at org.testng.SuiteRunner.runTest(SuiteRunner.java:455)
at org.testng.SuiteRunner.runSequentially(SuiteRunner.java:450)
at org.testng.SuiteRunner.privateRun(SuiteRunner.java:415)
at org.testng.SuiteRunner.run(SuiteRunner.java:364)
at org.testng.SuiteRunnerWorker.runSuite(SuiteRunnerWorker.java:52)
at org.testng.SuiteRunnerWorker.run(SuiteRunnerWorker.java:84)
at org.testng.TestNG.runSuitesSequentially(TestNG.java:1208)
at org.testng.TestNG.runSuitesSequentially(TestNG.java:1204)
at org.testng.TestNG.runSuitesLocally(TestNG.java:1137)
at org.testng.TestNG.runSuites(TestNG.java:1049)
at org.testng.TestNG.run(TestNG.java:1017)
at com.epam.cdp.cal.Runner.main(Runner.java:26)
]]>
            </full-stacktrace>
          </exception> <!-- java.lang.AssertionError -->
          <reporter-output>
          </reporter-output>
        </test-method> <!-- TgTest -->
        <test-method status="PASS" signature="tearDown()[pri:0, instance:com.epam.cdp.cal.tests.testng.CtgCalTest@22a71081]" name="tearDown" is-config="true" duration-ms="0" started-at="2018-07-08T22:55:25Z" finished-at="2018-07-08T22:55:25Z">
          <reporter-output>
          </reporter-output>
        </test-method> <!-- tearDown -->
      </class> <!-- com.epam.cdp.cal.tests.testng.CtgCalTest -->
    </test> <!-- Ctg Cal Test -->
    <test name="IsNegative Cal Test" duration-ms="2" started-at="2018-07-08T22:55:25Z" finished-at="2018-07-08T22:55:25Z">
      <class name="com.epam.cdp.cal.tests.testng.IsNegativeCalTest">
        <test-method status="PASS" signature="setUp()[pri:0, instance:com.epam.cdp.cal.tests.testng.IsNegativeCalTest@c39f790]" name="setUp" is-config="true" duration-ms="0" started-at="2018-07-08T22:55:25Z" finished-at="2018-07-08T22:55:25Z">
          <reporter-output>
          </reporter-output>
        </test-method> <!-- setUp -->
        <test-method status="PASS" signature="IsNegativeTest(long, boolean)[pri:0, instance:com.epam.cdp.cal.tests.testng.IsNegativeCalTest@c39f790]" name="IsNegativeTest" duration-ms="0" started-at="2018-07-08T22:55:25Z" data-provider="valuesForIsNegativeTest" finished-at="2018-07-08T22:55:25Z">
          <params>
            <param index="0">
              <value>
                <![CDATA[1]]>
              </value>
            </param>
            <param index="1">
              <value>
                <![CDATA[false]]>
              </value>
            </param>
          </params>
          <reporter-output>
          </reporter-output>
        </test-method> <!-- IsNegativeTest -->
        <test-method status="PASS" signature="IsNegativeTest(long, boolean)[pri:0, instance:com.epam.cdp.cal.tests.testng.IsNegativeCalTest@c39f790]" name="IsNegativeTest" duration-ms="0" started-at="2018-07-08T22:55:25Z" data-provider="valuesForIsNegativeTest" finished-at="2018-07-08T22:55:25Z">
          <params>
            <param index="0">
              <value>
                <![CDATA[90]]>
              </value>
            </param>
            <param index="1">
              <value>
                <![CDATA[false]]>
              </value>
            </param>
          </params>
          <reporter-output>
          </reporter-output>
        </test-method> <!-- IsNegativeTest -->
        <test-method status="PASS" signature="IsNegativeTest(long, boolean)[pri:0, instance:com.epam.cdp.cal.tests.testng.IsNegativeCalTest@c39f790]" name="IsNegativeTest" duration-ms="0" started-at="2018-07-08T22:55:25Z" data-provider="valuesForIsNegativeTest" finished-at="2018-07-08T22:55:25Z">
          <params>
            <param index="0">
              <value>
                <![CDATA[0]]>
              </value>
            </param>
            <param index="1">
              <value>
                <![CDATA[false]]>
              </value>
            </param>
          </params>
          <reporter-output>
          </reporter-output>
        </test-method> <!-- IsNegativeTest -->
        <test-method status="PASS" signature="tearDown()[pri:0, instance:com.epam.cdp.cal.tests.testng.IsNegativeCalTest@c39f790]" name="tearDown" is-config="true" duration-ms="0" started-at="2018-07-08T22:55:25Z" finished-at="2018-07-08T22:55:25Z">
          <reporter-output>
          </reporter-output>
        </test-method> <!-- tearDown -->
        <test-method status="PASS" signature="IsNegativeTest(long, boolean)[pri:0, instance:com.epam.cdp.cal.tests.testng.IsNegativeCalTest@c39f790]" name="IsNegativeTest" duration-ms="0" started-at="2018-07-08T22:55:25Z" data-provider="valuesForIsNegativeTest" finished-at="2018-07-08T22:55:25Z">
          <params>
            <param index="0">
              <value>
                <![CDATA[-2]]>
              </value>
            </param>
            <param index="1">
              <value>
                <![CDATA[true]]>
              </value>
            </param>
          </params>
          <reporter-output>
          </reporter-output>
        </test-method> <!-- IsNegativeTest -->
      </class> <!-- com.epam.cdp.cal.tests.testng.IsNegativeCalTest -->
    </test> <!-- IsNegative Cal Test -->
    <test name="IsPositive Cal Test" duration-ms="2" started-at="2018-07-08T22:55:25Z" finished-at="2018-07-08T22:55:25Z">
      <class name="com.epam.cdp.cal.tests.testng.IsPositiveCalTest">
        <test-method status="PASS" signature="setUp()[pri:0, instance:com.epam.cdp.cal.tests.testng.IsPositiveCalTest@282ba1e]" name="setUp" is-config="true" duration-ms="1" started-at="2018-07-08T22:55:25Z" finished-at="2018-07-08T22:55:25Z">
          <reporter-output>
          </reporter-output>
        </test-method> <!-- setUp -->
        <test-method status="PASS" signature="IsPositiveTest(long, boolean)[pri:0, instance:com.epam.cdp.cal.tests.testng.IsPositiveCalTest@282ba1e]" name="IsPositiveTest" duration-ms="1" started-at="2018-07-08T22:55:25Z" data-provider="valuesForIsPositiveTest" finished-at="2018-07-08T22:55:25Z">
          <params>
            <param index="0">
              <value>
                <![CDATA[1]]>
              </value>
            </param>
            <param index="1">
              <value>
                <![CDATA[true]]>
              </value>
            </param>
          </params>
          <reporter-output>
          </reporter-output>
        </test-method> <!-- IsPositiveTest -->
        <test-method status="PASS" signature="IsPositiveTest(long, boolean)[pri:0, instance:com.epam.cdp.cal.tests.testng.IsPositiveCalTest@282ba1e]" name="IsPositiveTest" duration-ms="0" started-at="2018-07-08T22:55:25Z" data-provider="valuesForIsPositiveTest" finished-at="2018-07-08T22:55:25Z">
          <params>
            <param index="0">
              <value>
                <![CDATA[0]]>
              </value>
            </param>
            <param index="1">
              <value>
                <![CDATA[false]]>
              </value>
            </param>
          </params>
          <reporter-output>
          </reporter-output>
        </test-method> <!-- IsPositiveTest -->
        <test-method status="PASS" signature="IsPositiveTest(long, boolean)[pri:0, instance:com.epam.cdp.cal.tests.testng.IsPositiveCalTest@282ba1e]" name="IsPositiveTest" duration-ms="0" started-at="2018-07-08T22:55:25Z" data-provider="valuesForIsPositiveTest" finished-at="2018-07-08T22:55:25Z">
          <params>
            <param index="0">
              <value>
                <![CDATA[-2]]>
              </value>
            </param>
            <param index="1">
              <value>
                <![CDATA[false]]>
              </value>
            </param>
          </params>
          <reporter-output>
          </reporter-output>
        </test-method> <!-- IsPositiveTest -->
        <test-method status="PASS" signature="tearDown()[pri:0, instance:com.epam.cdp.cal.tests.testng.IsPositiveCalTest@282ba1e]" name="tearDown" is-config="true" duration-ms="0" started-at="2018-07-08T22:55:25Z" finished-at="2018-07-08T22:55:25Z">
          <reporter-output>
          </reporter-output>
        </test-method> <!-- tearDown -->
        <test-method status="PASS" signature="IsPositiveTest(long, boolean)[pri:0, instance:com.epam.cdp.cal.tests.testng.IsPositiveCalTest@282ba1e]" name="IsPositiveTest" duration-ms="0" started-at="2018-07-08T22:55:25Z" data-provider="valuesForIsPositiveTest" finished-at="2018-07-08T22:55:25Z">
          <params>
            <param index="0">
              <value>
                <![CDATA[90]]>
              </value>
            </param>
            <param index="1">
              <value>
                <![CDATA[true]]>
              </value>
            </param>
          </params>
          <reporter-output>
          </reporter-output>
        </test-method> <!-- IsPositiveTest -->
      </class> <!-- com.epam.cdp.cal.tests.testng.IsPositiveCalTest -->
    </test> <!-- IsPositive Cal Test -->
    <test name="Pow Cal Test" duration-ms="7" started-at="2018-07-08T22:55:25Z" finished-at="2018-07-08T22:55:25Z">
      <class name="com.epam.cdp.cal.tests.testng.PowCalTest">
        <test-method status="PASS" signature="setUp()[pri:0, instance:com.epam.cdp.cal.tests.testng.PowCalTest@21a06946]" name="setUp" is-config="true" duration-ms="0" started-at="2018-07-08T22:55:25Z" finished-at="2018-07-08T22:55:25Z">
          <reporter-output>
          </reporter-output>
        </test-method> <!-- setUp -->
        <test-method status="FAIL" signature="PowTest(double, double, double)[pri:0, instance:com.epam.cdp.cal.tests.testng.PowCalTest@21a06946]" name="PowTest" duration-ms="0" started-at="2018-07-08T22:55:25Z" data-provider="valuesForPowTest" finished-at="2018-07-08T22:55:25Z">
          <params>
            <param index="0">
              <value>
                <![CDATA[10]]>
              </value>
            </param>
            <param index="1">
              <value>
                <![CDATA[23]]>
              </value>
            </param>
            <param index="2">
              <value>
                <![CDATA[33]]>
              </value>
            </param>
          </params>
          <exception class="java.lang.AssertionError">
            <message>
              <![CDATA[Invalid result of pow operation! expected [33.0] but found [1.0000000000000001E23]]]>
            </message>
            <full-stacktrace>
              <![CDATA[java.lang.AssertionError: Invalid result of pow operation! expected [33.0] but found [1.0000000000000001E23]
at org.testng.Assert.fail(Assert.java:96)
at org.testng.Assert.failNotEquals(Assert.java:776)
at org.testng.Assert.assertEqualsImpl(Assert.java:137)
at org.testng.Assert.assertEquals(Assert.java:118)
at com.epam.cdp.cal.tests.testng.PowCalTest.PowTest(PowCalTest.java:11)
at sun.reflect.NativeMethodAccessorImpl.invoke0(Native Method)
at sun.reflect.NativeMethodAccessorImpl.invoke(NativeMethodAccessorImpl.java:62)
at sun.reflect.DelegatingMethodAccessorImpl.invoke(DelegatingMethodAccessorImpl.java:43)
at java.lang.reflect.Method.invoke(Method.java:498)
at org.testng.internal.MethodInvocationHelper.invokeMethod(MethodInvocationHelper.java:124)
at org.testng.internal.Invoker.invokeMethod(Invoker.java:583)
at org.testng.internal.Invoker.invokeTestMethod(Invoker.java:719)
at org.testng.internal.Invoker.invokeTestMethods(Invoker.java:989)
at org.testng.internal.TestMethodWorker.invokeTestMethods(TestMethodWorker.java:125)
at org.testng.internal.TestMethodWorker.run(TestMethodWorker.java:109)
at org.testng.TestRunner.privateRun(TestRunner.java:648)
at org.testng.TestRunner.run(TestRunner.java:505)
at org.testng.SuiteRunner.runTest(SuiteRunner.java:455)
at org.testng.SuiteRunner.runSequentially(SuiteRunner.java:450)
at org.testng.SuiteRunner.privateRun(SuiteRunner.java:415)
at org.testng.SuiteRunner.run(SuiteRunner.java:364)
at org.testng.SuiteRunnerWorker.runSuite(SuiteRunnerWorker.java:52)
at org.testng.SuiteRunnerWorker.run(SuiteRunnerWorker.java:84)
at org.testng.TestNG.runSuitesSequentially(TestNG.java:1208)
at org.testng.TestNG.runSuitesSequentially(TestNG.java:1204)
at org.testng.TestNG.runSuitesLocally(TestNG.java:1137)
at org.testng.TestNG.runSuites(TestNG.java:1049)
at org.testng.TestNG.run(TestNG.java:1017)
at com.epam.cdp.cal.Runner.main(Runner.java:26)
]]>
            </full-stacktrace>
          </exception> <!-- java.lang.AssertionError -->
          <reporter-output>
          </reporter-output>
        </test-method> <!-- PowTest -->
        <test-method status="FAIL" signature="PowTest(double, double, double)[pri:0, instance:com.epam.cdp.cal.tests.testng.PowCalTest@21a06946]" name="PowTest" duration-ms="1" started-at="2018-07-08T22:55:25Z" data-provider="valuesForPowTest" finished-at="2018-07-08T22:55:25Z">
          <params>
            <param index="0">
              <value>
                <![CDATA[0]]>
              </value>
            </param>
            <param index="1">
              <value>
                <![CDATA[0]]>
              </value>
            </param>
            <param index="2">
              <value>
                <![CDATA[0]]>
              </value>
            </param>
          </params>
          <exception class="java.lang.AssertionError">
            <message>
              <![CDATA[Invalid result of pow operation! expected [0.0] but found [1.0]]]>
            </message>
            <full-stacktrace>
              <![CDATA[java.lang.AssertionError: Invalid result of pow operation! expected [0.0] but found [1.0]
at org.testng.Assert.fail(Assert.java:96)
at org.testng.Assert.failNotEquals(Assert.java:776)
at org.testng.Assert.assertEqualsImpl(Assert.java:137)
at org.testng.Assert.assertEquals(Assert.java:118)
at com.epam.cdp.cal.tests.testng.PowCalTest.PowTest(PowCalTest.java:11)
at sun.reflect.NativeMethodAccessorImpl.invoke0(Native Method)
at sun.reflect.NativeMethodAccessorImpl.invoke(NativeMethodAccessorImpl.java:62)
at sun.reflect.DelegatingMethodAccessorImpl.invoke(DelegatingMethodAccessorImpl.java:43)
at java.lang.reflect.Method.invoke(Method.java:498)
at org.testng.internal.MethodInvocationHelper.invokeMethod(MethodInvocationHelper.java:124)
at org.testng.internal.Invoker.invokeMethod(Invoker.java:583)
at org.testng.internal.Invoker.invokeTestMethod(Invoker.java:719)
at org.testng.internal.Invoker.invokeTestMethods(Invoker.java:989)
at org.testng.internal.TestMethodWorker.invokeTestMethods(TestMethodWorker.java:125)
at org.testng.internal.TestMethodWorker.run(TestMethodWorker.java:109)
at org.testng.TestRunner.privateRun(TestRunner.java:648)
at org.testng.TestRunner.run(TestRunner.java:505)
at org.testng.SuiteRunner.runTest(SuiteRunner.java:455)
at org.testng.SuiteRunner.runSequentially(SuiteRunner.java:450)
at org.testng.SuiteRunner.privateRun(SuiteRunner.java:415)
at org.testng.SuiteRunner.run(SuiteRunner.java:364)
at org.testng.SuiteRunnerWorker.runSuite(SuiteRunnerWorker.java:52)
at org.testng.SuiteRunnerWorker.run(SuiteRunnerWorker.java:84)
at org.testng.TestNG.runSuitesSequentially(TestNG.java:1208)
at org.testng.TestNG.runSuitesSequentially(TestNG.java:1204)
at org.testng.TestNG.runSuitesLocally(TestNG.java:1137)
at org.testng.TestNG.runSuites(TestNG.java:1049)
at org.testng.TestNG.run(TestNG.java:1017)
at com.epam.cdp.cal.Runner.main(Runner.java:26)
]]>
            </full-stacktrace>
          </exception> <!-- java.lang.AssertionError -->
          <reporter-output>
          </reporter-output>
        </test-method> <!-- PowTest -->
        <test-method status="FAIL" signature="PowTest(double, double, double)[pri:0, instance:com.epam.cdp.cal.tests.testng.PowCalTest@21a06946]" name="PowTest" duration-ms="0" started-at="2018-07-08T22:55:25Z" data-provider="valuesForPowTest" finished-at="2018-07-08T22:55:25Z">
          <params>
            <param index="0">
              <value>
                <![CDATA[10]]>
              </value>
            </param>
            <param index="1">
              <value>
                <![CDATA[-1]]>
              </value>
            </param>
            <param index="2">
              <value>
                <![CDATA[9]]>
              </value>
            </param>
          </params>
          <exception class="java.lang.AssertionError">
            <message>
              <![CDATA[Invalid result of pow operation! expected [9.0] but found [0.1]]]>
            </message>
            <full-stacktrace>
              <![CDATA[java.lang.AssertionError: Invalid result of pow operation! expected [9.0] but found [0.1]
at org.testng.Assert.fail(Assert.java:96)
at org.testng.Assert.failNotEquals(Assert.java:776)
at org.testng.Assert.assertEqualsImpl(Assert.java:137)
at org.testng.Assert.assertEquals(Assert.java:118)
at com.epam.cdp.cal.tests.testng.PowCalTest.PowTest(PowCalTest.java:11)
at sun.reflect.NativeMethodAccessorImpl.invoke0(Native Method)
at sun.reflect.NativeMethodAccessorImpl.invoke(NativeMethodAccessorImpl.java:62)
at sun.reflect.DelegatingMethodAccessorImpl.invoke(DelegatingMethodAccessorImpl.java:43)
at java.lang.reflect.Method.invoke(Method.java:498)
at org.testng.internal.MethodInvocationHelper.invokeMethod(MethodInvocationHelper.java:124)
at org.testng.internal.Invoker.invokeMethod(Invoker.java:583)
at org.testng.internal.Invoker.invokeTestMethod(Invoker.java:719)
at org.testng.internal.Invoker.invokeTestMethods(Invoker.java:989)
at org.testng.internal.TestMethodWorker.invokeTestMethods(TestMethodWorker.java:125)
at org.testng.internal.TestMethodWorker.run(TestMethodWorker.java:109)
at org.testng.TestRunner.privateRun(TestRunner.java:648)
at org.testng.TestRunner.run(TestRunner.java:505)
at org.testng.SuiteRunner.runTest(SuiteRunner.java:455)
at org.testng.SuiteRunner.runSequentially(SuiteRunner.java:450)
at org.testng.SuiteRunner.privateRun(SuiteRunner.java:415)
at org.testng.SuiteRunner.run(SuiteRunner.java:364)
at org.testng.SuiteRunnerWorker.runSuite(SuiteRunnerWorker.java:52)
at org.testng.SuiteRunnerWorker.run(SuiteRunnerWorker.java:84)
at org.testng.TestNG.runSuitesSequentially(TestNG.java:1208)
at org.testng.TestNG.runSuitesSequentially(TestNG.java:1204)
at org.testng.TestNG.runSuitesLocally(TestNG.java:1137)
at org.testng.TestNG.runSuites(TestNG.java:1049)
at org.testng.TestNG.run(TestNG.java:1017)
at com.epam.cdp.cal.Runner.main(Runner.java:26)
]]>
            </full-stacktrace>
          </exception> <!-- java.lang.AssertionError -->
          <reporter-output>
          </reporter-output>
        </test-method> <!-- PowTest -->
        <test-method status="PASS" signature="tearDown()[pri:0, instance:com.epam.cdp.cal.tests.testng.PowCalTest@21a06946]" name="tearDown" is-config="true" duration-ms="2" started-at="2018-07-08T22:55:25Z" finished-at="2018-07-08T22:55:25Z">
          <reporter-output>
          </reporter-output>
        </test-method> <!-- tearDown -->
        <test-method status="FAIL" signature="PowTest(double, double, double)[pri:0, instance:com.epam.cdp.cal.tests.testng.PowCalTest@21a06946]" name="PowTest" duration-ms="0" started-at="2018-07-08T22:55:25Z" data-provider="valuesForPowTest" finished-at="2018-07-08T22:55:25Z">
          <params>
            <param index="0">
              <value>
                <![CDATA[-1]]>
              </value>
            </param>
            <param index="1">
              <value>
                <![CDATA[10]]>
              </value>
            </param>
            <param index="2">
              <value>
                <![CDATA[9]]>
              </value>
            </param>
          </params>
          <exception class="java.lang.AssertionError">
            <message>
              <![CDATA[Invalid result of pow operation! expected [9.0] but found [1.0]]]>
            </message>
            <full-stacktrace>
              <![CDATA[java.lang.AssertionError: Invalid result of pow operation! expected [9.0] but found [1.0]
at org.testng.Assert.fail(Assert.java:96)
at org.testng.Assert.failNotEquals(Assert.java:776)
at org.testng.Assert.assertEqualsImpl(Assert.java:137)
at org.testng.Assert.assertEquals(Assert.java:118)
at com.epam.cdp.cal.tests.testng.PowCalTest.PowTest(PowCalTest.java:11)
at sun.reflect.NativeMethodAccessorImpl.invoke0(Native Method)
at sun.reflect.NativeMethodAccessorImpl.invoke(NativeMethodAccessorImpl.java:62)
at sun.reflect.DelegatingMethodAccessorImpl.invoke(DelegatingMethodAccessorImpl.java:43)
at java.lang.reflect.Method.invoke(Method.java:498)
at org.testng.internal.MethodInvocationHelper.invokeMethod(MethodInvocationHelper.java:124)
at org.testng.internal.Invoker.invokeMethod(Invoker.java:583)
at org.testng.internal.Invoker.invokeTestMethod(Invoker.java:719)
at org.testng.internal.Invoker.invokeTestMethods(Invoker.java:989)
at org.testng.internal.TestMethodWorker.invokeTestMethods(TestMethodWorker.java:125)
at org.testng.internal.TestMethodWorker.run(TestMethodWorker.java:109)
at org.testng.TestRunner.privateRun(TestRunner.java:648)
at org.testng.TestRunner.run(TestRunner.java:505)
at org.testng.SuiteRunner.runTest(SuiteRunner.java:455)
at org.testng.SuiteRunner.runSequentially(SuiteRunner.java:450)
at org.testng.SuiteRunner.privateRun(SuiteRunner.java:415)
at org.testng.SuiteRunner.run(SuiteRunner.java:364)
at org.testng.SuiteRunnerWorker.runSuite(SuiteRunnerWorker.java:52)
at org.testng.SuiteRunnerWorker.run(SuiteRunnerWorker.java:84)
at org.testng.TestNG.runSuitesSequentially(TestNG.java:1208)
at org.testng.TestNG.runSuitesSequentially(TestNG.java:1204)
at org.testng.TestNG.runSuitesLocally(TestNG.java:1137)
at org.testng.TestNG.runSuites(TestNG.java:1049)
at org.testng.TestNG.run(TestNG.java:1017)
at com.epam.cdp.cal.Runner.main(Runner.java:26)
]]>
            </full-stacktrace>
          </exception> <!-- java.lang.AssertionError -->
          <reporter-output>
          </reporter-output>
        </test-method> <!-- PowTest -->
      </class> <!-- com.epam.cdp.cal.tests.testng.PowCalTest -->
    </test> <!-- Pow Cal Test -->
    <test name="Sin Cal Test" duration-ms="4" started-at="2018-07-08T22:55:25Z" finished-at="2018-07-08T22:55:25Z">
      <class name="com.epam.cdp.cal.tests.testng.SinCalTest">
        <test-method status="PASS" signature="setUp()[pri:0, instance:com.epam.cdp.cal.tests.testng.SinCalTest@5474c6c]" name="setUp" is-config="true" duration-ms="1" started-at="2018-07-08T22:55:25Z" finished-at="2018-07-08T22:55:25Z">
          <reporter-output>
          </reporter-output>
        </test-method> <!-- setUp -->
        <test-method status="PASS" signature="SinTest(double, double)[pri:0, instance:com.epam.cdp.cal.tests.testng.SinCalTest@5474c6c]" name="SinTest" duration-ms="0" started-at="2018-07-08T22:55:25Z" data-provider="valuesForSinTest" finished-at="2018-07-08T22:55:25Z">
          <params>
            <param index="0">
              <value>
                <![CDATA[0]]>
              </value>
            </param>
            <param index="1">
              <value>
                <![CDATA[0]]>
              </value>
            </param>
          </params>
          <reporter-output>
          </reporter-output>
        </test-method> <!-- SinTest -->
        <test-method status="FAIL" signature="SinTest(double, double)[pri:0, instance:com.epam.cdp.cal.tests.testng.SinCalTest@5474c6c]" name="SinTest" duration-ms="2" started-at="2018-07-08T22:55:25Z" data-provider="valuesForSinTest" finished-at="2018-07-08T22:55:25Z">
          <params>
            <param index="0">
              <value>
                <![CDATA[30]]>
              </value>
            </param>
            <param index="1">
              <value>
                <![CDATA[0.5]]>
              </value>
            </param>
          </params>
          <exception class="java.lang.AssertionError">
            <message>
              <![CDATA[Invalid result of sin operation! expected [0.5] but found [-0.9880316240928618]]]>
            </message>
            <full-stacktrace>
              <![CDATA[java.lang.AssertionError: Invalid result of sin operation! expected [0.5] but found [-0.9880316240928618]
at org.testng.Assert.fail(Assert.java:96)
at org.testng.Assert.failNotEquals(Assert.java:776)
at org.testng.Assert.assertEqualsImpl(Assert.java:137)
at org.testng.Assert.assertEquals(Assert.java:118)
at com.epam.cdp.cal.tests.testng.SinCalTest.SinTest(SinCalTest.java:11)
at sun.reflect.NativeMethodAccessorImpl.invoke0(Native Method)
at sun.reflect.NativeMethodAccessorImpl.invoke(NativeMethodAccessorImpl.java:62)
at sun.reflect.DelegatingMethodAccessorImpl.invoke(DelegatingMethodAccessorImpl.java:43)
at java.lang.reflect.Method.invoke(Method.java:498)
at org.testng.internal.MethodInvocationHelper.invokeMethod(MethodInvocationHelper.java:124)
at org.testng.internal.Invoker.invokeMethod(Invoker.java:583)
at org.testng.internal.Invoker.invokeTestMethod(Invoker.java:719)
at org.testng.internal.Invoker.invokeTestMethods(Invoker.java:989)
at org.testng.internal.TestMethodWorker.invokeTestMethods(TestMethodWorker.java:125)
at org.testng.internal.TestMethodWorker.run(TestMethodWorker.java:109)
at org.testng.TestRunner.privateRun(TestRunner.java:648)
at org.testng.TestRunner.run(TestRunner.java:505)
at org.testng.SuiteRunner.runTest(SuiteRunner.java:455)
at org.testng.SuiteRunner.runSequentially(SuiteRunner.java:450)
at org.testng.SuiteRunner.privateRun(SuiteRunner.java:415)
at org.testng.SuiteRunner.run(SuiteRunner.java:364)
at org.testng.SuiteRunnerWorker.runSuite(SuiteRunnerWorker.java:52)
at org.testng.SuiteRunnerWorker.run(SuiteRunnerWorker.java:84)
at org.testng.TestNG.runSuitesSequentially(TestNG.java:1208)
at org.testng.TestNG.runSuitesSequentially(TestNG.java:1204)
at org.testng.TestNG.runSuitesLocally(TestNG.java:1137)
at org.testng.TestNG.runSuites(TestNG.java:1049)
at org.testng.TestNG.run(TestNG.java:1017)
at com.epam.cdp.cal.Runner.main(Runner.java:26)
]]>
            </full-stacktrace>
          </exception> <!-- java.lang.AssertionError -->
          <reporter-output>
          </reporter-output>
        </test-method> <!-- SinTest -->
        <test-method status="FAIL" signature="SinTest(double, double)[pri:0, instance:com.epam.cdp.cal.tests.testng.SinCalTest@5474c6c]" name="SinTest" duration-ms="0" started-at="2018-07-08T22:55:25Z" data-provider="valuesForSinTest" finished-at="2018-07-08T22:55:25Z">
          <params>
            <param index="0">
              <value>
                <![CDATA[90]]>
              </value>
            </param>
            <param index="1">
              <value>
                <![CDATA[1]]>
              </value>
            </param>
          </params>
          <exception class="java.lang.AssertionError">
            <message>
              <![CDATA[Invalid result of sin operation! expected [1.0] but found [0.8939966636005579]]]>
            </message>
            <full-stacktrace>
              <![CDATA[java.lang.AssertionError: Invalid result of sin operation! expected [1.0] but found [0.8939966636005579]
at org.testng.Assert.fail(Assert.java:96)
at org.testng.Assert.failNotEquals(Assert.java:776)
at org.testng.Assert.assertEqualsImpl(Assert.java:137)
at org.testng.Assert.assertEquals(Assert.java:118)
at com.epam.cdp.cal.tests.testng.SinCalTest.SinTest(SinCalTest.java:11)
at sun.reflect.NativeMethodAccessorImpl.invoke0(Native Method)
at sun.reflect.NativeMethodAccessorImpl.invoke(NativeMethodAccessorImpl.java:62)
at sun.reflect.DelegatingMethodAccessorImpl.invoke(DelegatingMethodAccessorImpl.java:43)
at java.lang.reflect.Method.invoke(Method.java:498)
at org.testng.internal.MethodInvocationHelper.invokeMethod(MethodInvocationHelper.java:124)
at org.testng.internal.Invoker.invokeMethod(Invoker.java:583)
at org.testng.internal.Invoker.invokeTestMethod(Invoker.java:719)
at org.testng.internal.Invoker.invokeTestMethods(Invoker.java:989)
at org.testng.internal.TestMethodWorker.invokeTestMethods(TestMethodWorker.java:125)
at org.testng.internal.TestMethodWorker.run(TestMethodWorker.java:109)
at org.testng.TestRunner.privateRun(TestRunner.java:648)
at org.testng.TestRunner.run(TestRunner.java:505)
at org.testng.SuiteRunner.runTest(SuiteRunner.java:455)
at org.testng.SuiteRunner.runSequentially(SuiteRunner.java:450)
at org.testng.SuiteRunner.privateRun(SuiteRunner.java:415)
at org.testng.SuiteRunner.run(SuiteRunner.java:364)
at org.testng.SuiteRunnerWorker.runSuite(SuiteRunnerWorker.java:52)
at org.testng.SuiteRunnerWorker.run(SuiteRunnerWorker.java:84)
at org.testng.TestNG.runSuitesSequentially(TestNG.java:1208)
at org.testng.TestNG.runSuitesSequentially(TestNG.java:1204)
at org.testng.TestNG.runSuitesLocally(TestNG.java:1137)
at org.testng.TestNG.runSuites(TestNG.java:1049)
at org.testng.TestNG.run(TestNG.java:1017)
at com.epam.cdp.cal.Runner.main(Runner.java:26)
]]>
            </full-stacktrace>
          </exception> <!-- java.lang.AssertionError -->
          <reporter-output>
          </reporter-output>
        </test-method> <!-- SinTest -->
        <test-method status="FAIL" signature="SinTest(double, double)[pri:0, instance:com.epam.cdp.cal.tests.testng.SinCalTest@5474c6c]" name="SinTest" duration-ms="0" started-at="2018-07-08T22:55:25Z" data-provider="valuesForSinTest" finished-at="2018-07-08T22:55:25Z">
          <params>
            <param index="0">
              <value>
                <![CDATA[270]]>
              </value>
            </param>
            <param index="1">
              <value>
                <![CDATA[-1]]>
              </value>
            </param>
          </params>
          <exception class="java.lang.AssertionError">
            <message>
              <![CDATA[Invalid result of sin operation! expected [-1.0] but found [-0.1760459464712114]]]>
            </message>
            <full-stacktrace>
              <![CDATA[java.lang.AssertionError: Invalid result of sin operation! expected [-1.0] but found [-0.1760459464712114]
at org.testng.Assert.fail(Assert.java:96)
at org.testng.Assert.failNotEquals(Assert.java:776)
at org.testng.Assert.assertEqualsImpl(Assert.java:137)
at org.testng.Assert.assertEquals(Assert.java:118)
at com.epam.cdp.cal.tests.testng.SinCalTest.SinTest(SinCalTest.java:11)
at sun.reflect.NativeMethodAccessorImpl.invoke0(Native Method)
at sun.reflect.NativeMethodAccessorImpl.invoke(NativeMethodAccessorImpl.java:62)
at sun.reflect.DelegatingMethodAccessorImpl.invoke(DelegatingMethodAccessorImpl.java:43)
at java.lang.reflect.Method.invoke(Method.java:498)
at org.testng.internal.MethodInvocationHelper.invokeMethod(MethodInvocationHelper.java:124)
at org.testng.internal.Invoker.invokeMethod(Invoker.java:583)
at org.testng.internal.Invoker.invokeTestMethod(Invoker.java:719)
at org.testng.internal.Invoker.invokeTestMethods(Invoker.java:989)
at org.testng.internal.TestMethodWorker.invokeTestMethods(TestMethodWorker.java:125)
at org.testng.internal.TestMethodWorker.run(TestMethodWorker.java:109)
at org.testng.TestRunner.privateRun(TestRunner.java:648)
at org.testng.TestRunner.run(TestRunner.java:505)
at org.testng.SuiteRunner.runTest(SuiteRunner.java:455)
at org.testng.SuiteRunner.runSequentially(SuiteRunner.java:450)
at org.testng.SuiteRunner.privateRun(SuiteRunner.java:415)
at org.testng.SuiteRunner.run(SuiteRunner.java:364)
at org.testng.SuiteRunnerWorker.runSuite(SuiteRunnerWorker.java:52)
at org.testng.SuiteRunnerWorker.run(SuiteRunnerWorker.java:84)
at org.testng.TestNG.runSuitesSequentially(TestNG.java:1208)
at org.testng.TestNG.runSuitesSequentially(TestNG.java:1204)
at org.testng.TestNG.runSuitesLocally(TestNG.java:1137)
at org.testng.TestNG.runSuites(TestNG.java:1049)
at org.testng.TestNG.run(TestNG.java:1017)
at com.epam.cdp.cal.Runner.main(Runner.java:26)
]]>
            </full-stacktrace>
          </exception> <!-- java.lang.AssertionError -->
          <reporter-output>
          </reporter-output>
        </test-method> <!-- SinTest -->
        <test-method status="PASS" signature="tearDown()[pri:0, instance:com.epam.cdp.cal.tests.testng.SinCalTest@5474c6c]" name="tearDown" is-config="true" duration-ms="0" started-at="2018-07-08T22:55:25Z" finished-at="2018-07-08T22:55:25Z">
          <reporter-output>
          </reporter-output>
        </test-method> <!-- tearDown -->
      </class> <!-- com.epam.cdp.cal.tests.testng.SinCalTest -->
    </test> <!-- Sin Cal Test -->
    <test name="Sqrt Cal Test" duration-ms="2" started-at="2018-07-08T22:55:25Z" finished-at="2018-07-08T22:55:25Z">
      <class name="com.epam.cdp.cal.tests.testng.SqrtCalTest">
        <test-method status="PASS" signature="setUp()[pri:0, instance:com.epam.cdp.cal.tests.testng.SqrtCalTest@61a52fbd]" name="setUp" is-config="true" duration-ms="0" started-at="2018-07-08T22:55:25Z" finished-at="2018-07-08T22:55:25Z">
          <reporter-output>
          </reporter-output>
        </test-method> <!-- setUp -->
        <test-method status="PASS" signature="SqrtTest(double, double)[pri:0, instance:com.epam.cdp.cal.tests.testng.SqrtCalTest@61a52fbd]" name="SqrtTest" duration-ms="0" started-at="2018-07-08T22:55:25Z" data-provider="valuesForSqrtTest" finished-at="2018-07-08T22:55:25Z">
          <params>
            <param index="0">
              <value>
                <![CDATA[9]]>
              </value>
            </param>
            <param index="1">
              <value>
                <![CDATA[3]]>
              </value>
            </param>
          </params>
          <reporter-output>
          </reporter-output>
        </test-method> <!-- SqrtTest -->
        <test-method status="PASS" signature="SqrtTest(double, double)[pri:0, instance:com.epam.cdp.cal.tests.testng.SqrtCalTest@61a52fbd]" name="SqrtTest" duration-ms="0" started-at="2018-07-08T22:55:25Z" data-provider="valuesForSqrtTest" finished-at="2018-07-08T22:55:25Z">
          <params>
            <param index="0">
              <value>
                <![CDATA[4]]>
              </value>
            </param>
            <param index="1">
              <value>
                <![CDATA[2]]>
              </value>
            </param>
          </params>
          <reporter-output>
          </reporter-output>
        </test-method> <!-- SqrtTest -->
        <test-method status="PASS" signature="SqrtTest(double, double)[pri:0, instance:com.epam.cdp.cal.tests.testng.SqrtCalTest@61a52fbd]" name="SqrtTest" duration-ms="1" started-at="2018-07-08T22:55:25Z" data-provider="valuesForSqrtTest" finished-at="2018-07-08T22:55:25Z">
          <params>
            <param index="0">
              <value>
                <![CDATA[16]]>
              </value>
            </param>
            <param index="1">
              <value>
                <![CDATA[4]]>
              </value>
            </param>
          </params>
          <reporter-output>
          </reporter-output>
        </test-method> <!-- SqrtTest -->
        <test-method status="PASS" signature="tearDown()[pri:0, instance:com.epam.cdp.cal.tests.testng.SqrtCalTest@61a52fbd]" name="tearDown" is-config="true" duration-ms="0" started-at="2018-07-08T22:55:25Z" finished-at="2018-07-08T22:55:25Z">
          <reporter-output>
          </reporter-output>
        </test-method> <!-- tearDown -->
        <test-method status="PASS" signature="SqrtTest(double, double)[pri:0, instance:com.epam.cdp.cal.tests.testng.SqrtCalTest@61a52fbd]" name="SqrtTest" duration-ms="0" started-at="2018-07-08T22:55:25Z" data-provider="valuesForSqrtTest" finished-at="2018-07-08T22:55:25Z">
          <params>
            <param index="0">
              <value>
                <![CDATA[100]]>
              </value>
            </param>
            <param index="1">
              <value>
                <![CDATA[10]]>
              </value>
            </param>
          </params>
          <reporter-output>
          </reporter-output>
        </test-method> <!-- SqrtTest -->
      </class> <!-- com.epam.cdp.cal.tests.testng.SqrtCalTest -->
    </test> <!-- Sqrt Cal Test -->
    <test name="Tg Cal Test" duration-ms="3" started-at="2018-07-08T22:55:25Z" finished-at="2018-07-08T22:55:25Z">
      <class name="com.epam.cdp.cal.tests.testng.TgCalTest">
        <test-method status="FAIL" signature="TgTest(double, double)[pri:0, instance:com.epam.cdp.cal.tests.testng.TgCalTest@47fd17e3]" name="TgTest" duration-ms="1" started-at="2018-07-08T22:55:25Z" data-provider="valuesForTgTest" finished-at="2018-07-08T22:55:25Z">
          <params>
            <param index="0">
              <value>
                <![CDATA[0]]>
              </value>
            </param>
            <param index="1">
              <value>
                <![CDATA[0]]>
              </value>
            </param>
          </params>
          <exception class="java.lang.AssertionError">
            <message>
              <![CDATA[Invalid result of tg operation! expected [0.0] but found [NaN]]]>
            </message>
            <full-stacktrace>
              <![CDATA[java.lang.AssertionError: Invalid result of tg operation! expected [0.0] but found [NaN]
at org.testng.Assert.fail(Assert.java:96)
at org.testng.Assert.failNotEquals(Assert.java:776)
at org.testng.Assert.assertEqualsImpl(Assert.java:137)
at org.testng.Assert.assertEquals(Assert.java:118)
at com.epam.cdp.cal.tests.testng.TgCalTest.TgTest(TgCalTest.java:11)
at sun.reflect.NativeMethodAccessorImpl.invoke0(Native Method)
at sun.reflect.NativeMethodAccessorImpl.invoke(NativeMethodAccessorImpl.java:62)
at sun.reflect.DelegatingMethodAccessorImpl.invoke(DelegatingMethodAccessorImpl.java:43)
at java.lang.reflect.Method.invoke(Method.java:498)
at org.testng.internal.MethodInvocationHelper.invokeMethod(MethodInvocationHelper.java:124)
at org.testng.internal.Invoker.invokeMethod(Invoker.java:583)
at org.testng.internal.Invoker.invokeTestMethod(Invoker.java:719)
at org.testng.internal.Invoker.invokeTestMethods(Invoker.java:989)
at org.testng.internal.TestMethodWorker.invokeTestMethods(TestMethodWorker.java:125)
at org.testng.internal.TestMethodWorker.run(TestMethodWorker.java:109)
at org.testng.TestRunner.privateRun(TestRunner.java:648)
at org.testng.TestRunner.run(TestRunner.java:505)
at org.testng.SuiteRunner.runTest(SuiteRunner.java:455)
at org.testng.SuiteRunner.runSequentially(SuiteRunner.java:450)
at org.testng.SuiteRunner.privateRun(SuiteRunner.java:415)
at org.testng.SuiteRunner.run(SuiteRunner.java:364)
at org.testng.SuiteRunnerWorker.runSuite(SuiteRunnerWorker.java:52)
at org.testng.SuiteRunnerWorker.run(SuiteRunnerWorker.java:84)
at org.testng.TestNG.runSuitesSequentially(TestNG.java:1208)
at org.testng.TestNG.runSuitesSequentially(TestNG.java:1204)
at org.testng.TestNG.runSuitesLocally(TestNG.java:1137)
at org.testng.TestNG.runSuites(TestNG.java:1049)
at org.testng.TestNG.run(TestNG.java:1017)
at com.epam.cdp.cal.Runner.main(Runner.java:26)
]]>
            </full-stacktrace>
          </exception> <!-- java.lang.AssertionError -->
          <reporter-output>
          </reporter-output>
        </test-method> <!-- TgTest -->
        <test-method status="PASS" signature="setUp()[pri:0, instance:com.epam.cdp.cal.tests.testng.TgCalTest@47fd17e3]" name="setUp" is-config="true" duration-ms="0" started-at="2018-07-08T22:55:25Z" finished-at="2018-07-08T22:55:25Z">
          <reporter-output>
          </reporter-output>
        </test-method> <!-- setUp -->
        <test-method status="FAIL" signature="TgTest(double, double)[pri:0, instance:com.epam.cdp.cal.tests.testng.TgCalTest@47fd17e3]" name="TgTest" duration-ms="0" started-at="2018-07-08T22:55:25Z" data-provider="valuesForTgTest" finished-at="2018-07-08T22:55:25Z">
          <params>
            <param index="0">
              <value>
                <![CDATA[180]]>
              </value>
            </param>
            <param index="1">
              <value>
                <![CDATA[0]]>
              </value>
            </param>
          </params>
          <exception class="java.lang.AssertionError">
            <message>
              <![CDATA[Invalid result of tg operation! expected [0.0] but found [1.0]]]>
            </message>
            <full-stacktrace>
              <![CDATA[java.lang.AssertionError: Invalid result of tg operation! expected [0.0] but found [1.0]
at org.testng.Assert.fail(Assert.java:96)
at org.testng.Assert.failNotEquals(Assert.java:776)
at org.testng.Assert.assertEqualsImpl(Assert.java:137)
at org.testng.Assert.assertEquals(Assert.java:118)
at com.epam.cdp.cal.tests.testng.TgCalTest.TgTest(TgCalTest.java:11)
at sun.reflect.NativeMethodAccessorImpl.invoke0(Native Method)
at sun.reflect.NativeMethodAccessorImpl.invoke(NativeMethodAccessorImpl.java:62)
at sun.reflect.DelegatingMethodAccessorImpl.invoke(DelegatingMethodAccessorImpl.java:43)
at java.lang.reflect.Method.invoke(Method.java:498)
at org.testng.internal.MethodInvocationHelper.invokeMethod(MethodInvocationHelper.java:124)
at org.testng.internal.Invoker.invokeMethod(Invoker.java:583)
at org.testng.internal.Invoker.invokeTestMethod(Invoker.java:719)
at org.testng.internal.Invoker.invokeTestMethods(Invoker.java:989)
at org.testng.internal.TestMethodWorker.invokeTestMethods(TestMethodWorker.java:125)
at org.testng.internal.TestMethodWorker.run(TestMethodWorker.java:109)
at org.testng.TestRunner.privateRun(TestRunner.java:648)
at org.testng.TestRunner.run(TestRunner.java:505)
at org.testng.SuiteRunner.runTest(SuiteRunner.java:455)
at org.testng.SuiteRunner.runSequentially(SuiteRunner.java:450)
at org.testng.SuiteRunner.privateRun(SuiteRunner.java:415)
at org.testng.SuiteRunner.run(SuiteRunner.java:364)
at org.testng.SuiteRunnerWorker.runSuite(SuiteRunnerWorker.java:52)
at org.testng.SuiteRunnerWorker.run(SuiteRunnerWorker.java:84)
at org.testng.TestNG.runSuitesSequentially(TestNG.java:1208)
at org.testng.TestNG.runSuitesSequentially(TestNG.java:1204)
at org.testng.TestNG.runSuitesLocally(TestNG.java:1137)
at org.testng.TestNG.runSuites(TestNG.java:1049)
at org.testng.TestNG.run(TestNG.java:1017)
at com.epam.cdp.cal.Runner.main(Runner.java:26)
]]>
            </full-stacktrace>
          </exception> <!-- java.lang.AssertionError -->
          <reporter-output>
          </reporter-output>
        </test-method> <!-- TgTest -->
        <test-method status="PASS" signature="TgTest(double, double)[pri:0, instance:com.epam.cdp.cal.tests.testng.TgCalTest@47fd17e3]" name="TgTest" duration-ms="0" started-at="2018-07-08T22:55:25Z" data-provider="valuesForTgTest" finished-at="2018-07-08T22:55:25Z">
          <params>
            <param index="0">
              <value>
                <![CDATA[45]]>
              </value>
            </param>
            <param index="1">
              <value>
                <![CDATA[1]]>
              </value>
            </param>
          </params>
          <reporter-output>
          </reporter-output>
        </test-method> <!-- TgTest -->
        <test-method status="FAIL" signature="TgTest(double, double)[pri:0, instance:com.epam.cdp.cal.tests.testng.TgCalTest@47fd17e3]" name="TgTest" duration-ms="0" started-at="2018-07-08T22:55:25Z" data-provider="valuesForTgTest" finished-at="2018-07-08T22:55:25Z">
          <params>
            <param index="0">
              <value>
                <![CDATA[360]]>
              </value>
            </param>
            <param index="1">
              <value>
                <![CDATA[0]]>
              </value>
            </param>
          </params>
          <exception class="java.lang.AssertionError">
            <message>
              <![CDATA[Invalid result of tg operation! expected [0.0] but found [1.0]]]>
            </message>
            <full-stacktrace>
              <![CDATA[java.lang.AssertionError: Invalid result of tg operation! expected [0.0] but found [1.0]
at org.testng.Assert.fail(Assert.java:96)
at org.testng.Assert.failNotEquals(Assert.java:776)
at org.testng.Assert.assertEqualsImpl(Assert.java:137)
at org.testng.Assert.assertEquals(Assert.java:118)
at com.epam.cdp.cal.tests.testng.TgCalTest.TgTest(TgCalTest.java:11)
at sun.reflect.NativeMethodAccessorImpl.invoke0(Native Method)
at sun.reflect.NativeMethodAccessorImpl.invoke(NativeMethodAccessorImpl.java:62)
at sun.reflect.DelegatingMethodAccessorImpl.invoke(DelegatingMethodAccessorImpl.java:43)
at java.lang.reflect.Method.invoke(Method.java:498)
at org.testng.internal.MethodInvocationHelper.invokeMethod(MethodInvocationHelper.java:124)
at org.testng.internal.Invoker.invokeMethod(Invoker.java:583)
at org.testng.internal.Invoker.invokeTestMethod(Invoker.java:719)
at org.testng.internal.Invoker.invokeTestMethods(Invoker.java:989)
at org.testng.internal.TestMethodWorker.invokeTestMethods(TestMethodWorker.java:125)
at org.testng.internal.TestMethodWorker.run(TestMethodWorker.java:109)
at org.testng.TestRunner.privateRun(TestRunner.java:648)
at org.testng.TestRunner.run(TestRunner.java:505)
at org.testng.SuiteRunner.runTest(SuiteRunner.java:455)
at org.testng.SuiteRunner.runSequentially(SuiteRunner.java:450)
at org.testng.SuiteRunner.privateRun(SuiteRunner.java:415)
at org.testng.SuiteRunner.run(SuiteRunner.java:364)
at org.testng.SuiteRunnerWorker.runSuite(SuiteRunnerWorker.java:52)
at org.testng.SuiteRunnerWorker.run(SuiteRunnerWorker.java:84)
at org.testng.TestNG.runSuitesSequentially(TestNG.java:1208)
at org.testng.TestNG.runSuitesSequentially(TestNG.java:1204)
at org.testng.TestNG.runSuitesLocally(TestNG.java:1137)
at org.testng.TestNG.runSuites(TestNG.java:1049)
at org.testng.TestNG.run(TestNG.java:1017)
at com.epam.cdp.cal.Runner.main(Runner.java:26)
]]>
            </full-stacktrace>
          </exception> <!-- java.lang.AssertionError -->
          <reporter-output>
          </reporter-output>
        </test-method> <!-- TgTest -->
        <test-method status="PASS" signature="tearDown()[pri:0, instance:com.epam.cdp.cal.tests.testng.TgCalTest@47fd17e3]" name="tearDown" is-config="true" duration-ms="0" started-at="2018-07-08T22:55:25Z" finished-at="2018-07-08T22:55:25Z">
          <reporter-output>
          </reporter-output>
        </test-method> <!-- tearDown -->
      </class> <!-- com.epam.cdp.cal.tests.testng.TgCalTest -->
    </test> <!-- Tg Cal Test -->
  </suite> <!-- Demo Suite -->
  <suite name="Default Suite" duration-ms="0" started-at="2018-07-08T22:55:27Z" finished-at="2018-07-08T22:55:27Z">
    <groups>
    </groups>
  </suite> <!-- Default Suite -->
</testng-results>
